Namespace(data_dirs=['/misc/vlgscratch5/LakeGroup/emin/sayavakepicut/1fps_300s/A', '/misc/vlgscratch5/LakeGroup/emin/sayavakepicut/1fps_300s/ava_test', '/misc/vlgscratch5/LakeGroup/emin/sayavakepicut/1fps_300s/ava_trainval', '/misc/vlgscratch5/LakeGroup/emin/sayavakepicut/1fps_300s/kcam', '/misc/vlgscratch5/LakeGroup/emin/sayavakepicut/1fps_300s/P01', '/misc/vlgscratch5/LakeGroup/emin/sayavakepicut/1fps_300s/P02', '/misc/vlgscratch5/LakeGroup/emin/sayavakepicut/1fps_300s/P03', '/misc/vlgscratch5/LakeGroup/emin/sayavakepicut/1fps_300s/P04', '/misc/vlgscratch5/LakeGroup/emin/sayavakepicut/1fps_300s/P06', '/misc/vlgscratch5/LakeGroup/emin/sayavakepicut/1fps_300s/P07', '/misc/vlgscratch5/LakeGroup/emin/sayavakepicut/1fps_300s/P09', '/misc/vlgscratch5/LakeGroup/emin/sayavakepicut/1fps_300s/P11', '/misc/vlgscratch5/LakeGroup/emin/sayavakepicut/1fps_300s/P12', '/misc/vlgscratch5/LakeGroup/emin/sayavakepicut/1fps_300s/P22', '/misc/vlgscratch5/LakeGroup/emin/sayavakepicut/1fps_300s/P23', '/misc/vlgscratch5/LakeGroup/emin/sayavakepicut/1fps_300s/P25', '/misc/vlgscratch5/LakeGroup/emin/sayavakepicut/1fps_300s/P26', '/misc/vlgscratch5/LakeGroup/emin/sayavakepicut/1fps_300s/P27', '/misc/vlgscratch5/LakeGroup/emin/sayavakepicut/1fps_300s/P28', '/misc/vlgscratch5/LakeGroup/emin/sayavakepicut/1fps_300s/P30', '/misc/vlgscratch5/LakeGroup/emin/sayavakepicut/1fps_300s/P33', '/misc/vlgscratch5/LakeGroup/emin/sayavakepicut/1fps_300s/P34', '/misc/vlgscratch5/LakeGroup/emin/sayavakepicut/1fps_300s/P35', '/misc/vlgscratch5/LakeGroup/emin/sayavakepicut/1fps_300s/P36', '/misc/vlgscratch5/LakeGroup/emin/sayavakepicut/1fps_300s/P37', '/misc/vlgscratch5/LakeGroup/emin/sayavakepicut/1fps_300s/S', '/misc/vlgscratch5/LakeGroup/emin/sayavakepicut/1fps_300s/UT_ego', '/misc/vlgscratch5/LakeGroup/emin/sayavakepicut/1fps_300s/Y', '/misc/vlgscratch5/LakeGroup/emin/sayavakepicut/1fps_300s/ego4d'], dataset_name='sayavakepicutego4d', filekey=False, maxcount=1000000.0, maxsize=1e+16, shards='/misc/vlgscratch4/LakeGroup/emin/')
# of images 17958947
# writing /misc/vlgscratch4/LakeGroup/emin/sayavakepicutego4d_000000.tar 0 0.0 GB 0
counter, i, fname, cls 0 3323938 /misc/vlgscratch5/LakeGroup/emin/sayavakepicut/1fps_300s/ava_trainval/class_1837/img_0250.jpeg 11094
counter, i, fname, cls 10000 6260856 /misc/vlgscratch5/LakeGroup/emin/sayavakepicut/1fps_300s/ego4d/class_00000000/img_02013369.jpeg 14174
counter, i, fname, cls 20000 5826826 /misc/vlgscratch5/LakeGroup/emin/sayavakepicut/1fps_300s/ego4d/class_00000000/img_01579339.jpeg 14174
counter, i, fname, cls 30000 9156654 /misc/vlgscratch5/LakeGroup/emin/sayavakepicut/1fps_300s/ego4d/class_00000002/img_00355681.jpeg 14176
counter, i, fname, cls 40000 11662393 /misc/vlgscratch5/LakeGroup/emin/sayavakepicut/1fps_300s/ego4d/class_00000005/img_00036870.jpeg 14179
counter, i, fname, cls 50000 4793449 /misc/vlgscratch5/LakeGroup/emin/sayavakepicut/1fps_300s/ego4d/class_00000000/img_00545962.jpeg 14174
counter, i, fname, cls 60000 3889936 /misc/vlgscratch5/LakeGroup/emin/sayavakepicut/1fps_300s/ava_trainval/class_3724/img_0148.jpeg 12981
counter, i, fname, cls 70000 11617611 /misc/vlgscratch5/LakeGroup/emin/sayavakepicut/1fps_300s/ego4d/class_00000004/img_00216719.jpeg 14178
counter, i, fname, cls 80000 4205821 /misc/vlgscratch5/LakeGroup/emin/sayavakepicut/1fps_300s/ava_trainval/class_4777/img_0133.jpeg 14034
counter, i, fname, cls 90000 6797694 /misc/vlgscratch5/LakeGroup/emin/sayavakepicut/1fps_300s/ego4d/class_00000000/img_02550207.jpeg 14174
counter, i, fname, cls 100000 11473173 /misc/vlgscratch5/LakeGroup/emin/sayavakepicut/1fps_300s/ego4d/class_00000004/img_00072281.jpeg 14178
counter, i, fname, cls 110000 1217063 /misc/vlgscratch5/LakeGroup/emin/sayavakepicut/1fps_300s/S/class_1477/img_0274.jpeg 4069
counter, i, fname, cls 120000 563657 /misc/vlgscratch5/LakeGroup/emin/sayavakepicut/1fps_300s/P04/class_0032/img_0133.jpeg 1881
counter, i, fname, cls 130000 15003550 /misc/vlgscratch5/LakeGroup/emin/sayavakepicut/1fps_300s/ego4d/class_00000007/img_00398317.jpeg 14181
counter, i, fname, cls 140000 9231677 /misc/vlgscratch5/LakeGroup/emin/sayavakepicut/1fps_300s/ego4d/class_00000002/img_00430704.jpeg 14176
counter, i, fname, cls 150000 11692875 /misc/vlgscratch5/LakeGroup/emin/sayavakepicut/1fps_300s/ego4d/class_00000005/img_00067352.jpeg 14179
counter, i, fname, cls 160000 3153794 /misc/vlgscratch5/LakeGroup/emin/sayavakepicut/1fps_300s/ava_trainval/class_1270/img_0206.jpeg 10527
counter, i, fname, cls 170000 5501357 /misc/vlgscratch5/LakeGroup/emin/sayavakepicut/1fps_300s/ego4d/class_00000000/img_01253870.jpeg 14174
counter, i, fname, cls 180000 11383196 /misc/vlgscratch5/LakeGroup/emin/sayavakepicut/1fps_300s/ego4d/class_00000003/img_01361130.jpeg 14177
counter, i, fname, cls 190000 5983478 /misc/vlgscratch5/LakeGroup/emin/sayavakepicut/1fps_300s/ego4d/class_00000000/img_01735991.jpeg 14174
counter, i, fname, cls 200000 17718093 /misc/vlgscratch5/LakeGroup/emin/sayavakepicut/1fps_300s/kcam/class_0054/img_0259.jpeg 14239
counter, i, fname, cls 210000 17614288 /misc/vlgscratch5/LakeGroup/emin/sayavakepicut/1fps_300s/ego4d/class_00000010/img_00170138.jpeg 14184
counter, i, fname, cls 220000 10507007 /misc/vlgscratch5/LakeGroup/emin/sayavakepicut/1fps_300s/ego4d/class_00000003/img_00484941.jpeg 14177
counter, i, fname, cls 230000 11599801 /misc/vlgscratch5/LakeGroup/emin/sayavakepicut/1fps_300s/ego4d/class_00000004/img_00198909.jpeg 14178
counter, i, fname, cls 240000 17358716 /misc/vlgscratch5/LakeGroup/emin/sayavakepicut/1fps_300s/ego4d/class_00000009/img_01179470.jpeg 14183
counter, i, fname, cls 250000 5910553 /misc/vlgscratch5/LakeGroup/emin/sayavakepicut/1fps_300s/ego4d/class_00000000/img_01663066.jpeg 14174
counter, i, fname, cls 260000 6762952 /misc/vlgscratch5/LakeGroup/emin/sayavakepicut/1fps_300s/ego4d/class_00000000/img_02515465.jpeg 14174
counter, i, fname, cls 270000 13117477 /misc/vlgscratch5/LakeGroup/emin/sayavakepicut/1fps_300s/ego4d/class_00000006/img_00006213.jpeg 14180
counter, i, fname, cls 280000 10876761 /misc/vlgscratch5/LakeGroup/emin/sayavakepicut/1fps_300s/ego4d/class_00000003/img_00854695.jpeg 14177
counter, i, fname, cls 290000 10085309 /misc/vlgscratch5/LakeGroup/emin/sayavakepicut/1fps_300s/ego4d/class_00000003/img_00063243.jpeg 14177
counter, i, fname, cls 300000 10615825 /misc/vlgscratch5/LakeGroup/emin/sayavakepicut/1fps_300s/ego4d/class_00000003/img_00593759.jpeg 14177
counter, i, fname, cls 310000 8954977 /misc/vlgscratch5/LakeGroup/emin/sayavakepicut/1fps_300s/ego4d/class_00000002/img_00154004.jpeg 14176
counter, i, fname, cls 320000 3159887 /misc/vlgscratch5/LakeGroup/emin/sayavakepicut/1fps_300s/ava_trainval/class_1290/img_0299.jpeg 10547
counter, i, fname, cls 330000 1393100 /misc/vlgscratch5/LakeGroup/emin/sayavakepicut/1fps_300s/S/class_2064/img_0211.jpeg 4656
counter, i, fname, cls 340000 2022622 /misc/vlgscratch5/LakeGroup/emin/sayavakepicut/1fps_300s/Y/class_1488/img_0066.jpeg 6756
counter, i, fname, cls 350000 10155693 /misc/vlgscratch5/LakeGroup/emin/sayavakepicut/1fps_300s/ego4d/class_00000003/img_00133627.jpeg 14177
counter, i, fname, cls 360000 3519248 /misc/vlgscratch5/LakeGroup/emin/sayavakepicut/1fps_300s/ava_trainval/class_2488/img_0260.jpeg 11745
counter, i, fname, cls 370000 5768237 /misc/vlgscratch5/LakeGroup/emin/sayavakepicut/1fps_300s/ego4d/class_00000000/img_01520750.jpeg 14174
counter, i, fname, cls 380000 1695554 /misc/vlgscratch5/LakeGroup/emin/sayavakepicut/1fps_300s/Y/class_0397/img_0298.jpeg 5665
counter, i, fname, cls 390000 16707516 /misc/vlgscratch5/LakeGroup/emin/sayavakepicut/1fps_300s/ego4d/class_00000009/img_00528270.jpeg 14183
counter, i, fname, cls 400000 13185572 /misc/vlgscratch5/LakeGroup/emin/sayavakepicut/1fps_300s/ego4d/class_00000006/img_00074308.jpeg 14180
counter, i, fname, cls 410000 16699696 /misc/vlgscratch5/LakeGroup/emin/sayavakepicut/1fps_300s/ego4d/class_00000009/img_00520450.jpeg 14183
counter, i, fname, cls 420000 16464668 /misc/vlgscratch5/LakeGroup/emin/sayavakepicut/1fps_300s/ego4d/class_00000009/img_00285422.jpeg 14183
counter, i, fname, cls 430000 5755623 /misc/vlgscratch5/LakeGroup/emin/sayavakepicut/1fps_300s/ego4d/class_00000000/img_01508136.jpeg 14174
counter, i, fname, cls 440000 1040917 /misc/vlgscratch5/LakeGroup/emin/sayavakepicut/1fps_300s/S/class_0890/img_0228.jpeg 3482
counter, i, fname, cls 450000 2469777 /misc/vlgscratch5/LakeGroup/emin/sayavakepicut/1fps_300s/ava_test/class_1330/img_0049.jpeg 8247
counter, i, fname, cls 460000 12135119 /misc/vlgscratch5/LakeGroup/emin/sayavakepicut/1fps_300s/ego4d/class_00000005/img_00509596.jpeg 14179
counter, i, fname, cls 470000 14601355 /misc/vlgscratch5/LakeGroup/emin/sayavakepicut/1fps_300s/ego4d/class_00000006/img_01490091.jpeg 14180
counter, i, fname, cls 480000 4035481 /misc/vlgscratch5/LakeGroup/emin/sayavakepicut/1fps_300s/ava_trainval/class_4209/img_0193.jpeg 13466
counter, i, fname, cls 490000 6756799 /misc/vlgscratch5/LakeGroup/emin/sayavakepicut/1fps_300s/ego4d/class_00000000/img_02509312.jpeg 14174
counter, i, fname, cls 500000 9653019 /misc/vlgscratch5/LakeGroup/emin/sayavakepicut/1fps_300s/ego4d/class_00000002/img_00852046.jpeg 14176
counter, i, fname, cls 510000 15948881 /misc/vlgscratch5/LakeGroup/emin/sayavakepicut/1fps_300s/ego4d/class_00000008/img_00729615.jpeg 14182
counter, i, fname, cls 520000 16602855 /misc/vlgscratch5/LakeGroup/emin/sayavakepicut/1fps_300s/ego4d/class_00000009/img_00423609.jpeg 14183
counter, i, fname, cls 530000 17591744 /misc/vlgscratch5/LakeGroup/emin/sayavakepicut/1fps_300s/ego4d/class_00000010/img_00147594.jpeg 14184
counter, i, fname, cls 540000 2646895 /misc/vlgscratch5/LakeGroup/emin/sayavakepicut/1fps_300s/ava_test/class_1920/img_0167.jpeg 8837
counter, i, fname, cls 550000 14837866 /misc/vlgscratch5/LakeGroup/emin/sayavakepicut/1fps_300s/ego4d/class_00000007/img_00232633.jpeg 14181
counter, i, fname, cls 560000 10821413 /misc/vlgscratch5/LakeGroup/emin/sayavakepicut/1fps_300s/ego4d/class_00000003/img_00799347.jpeg 14177
counter, i, fname, cls 570000 7888808 /misc/vlgscratch5/LakeGroup/emin/sayavakepicut/1fps_300s/ego4d/class_00000000/img_03641321.jpeg 14174
counter, i, fname, cls 580000 12330528 /misc/vlgscratch5/LakeGroup/emin/sayavakepicut/1fps_300s/ego4d/class_00000005/img_00705005.jpeg 14179
counter, i, fname, cls 590000 7022071 /misc/vlgscratch5/LakeGroup/emin/sayavakepicut/1fps_300s/ego4d/class_00000000/img_02774584.jpeg 14174
counter, i, fname, cls 600000 9321755 /misc/vlgscratch5/LakeGroup/emin/sayavakepicut/1fps_300s/ego4d/class_00000002/img_00520782.jpeg 14176
counter, i, fname, cls 610000 4042087 /misc/vlgscratch5/LakeGroup/emin/sayavakepicut/1fps_300s/ava_trainval/class_4231/img_0199.jpeg 13488
counter, i, fname, cls 620000 17412850 /misc/vlgscratch5/LakeGroup/emin/sayavakepicut/1fps_300s/ego4d/class_00000009/img_01233604.jpeg 14183
counter, i, fname, cls 630000 6017285 /misc/vlgscratch5/LakeGroup/emin/sayavakepicut/1fps_300s/ego4d/class_00000000/img_01769798.jpeg 14174
counter, i, fname, cls 640000 2274569 /misc/vlgscratch5/LakeGroup/emin/sayavakepicut/1fps_300s/ava_test/class_0679/img_0141.jpeg 7596
counter, i, fname, cls 650000 3779970 /misc/vlgscratch5/LakeGroup/emin/sayavakepicut/1fps_300s/ava_trainval/class_3357/img_0282.jpeg 12614
counter, i, fname, cls 660000 3065763 /misc/vlgscratch5/LakeGroup/emin/sayavakepicut/1fps_300s/ava_trainval/class_0977/img_0075.jpeg 10234
counter, i, fname, cls 670000 7456615 /misc/vlgscratch5/LakeGroup/emin/sayavakepicut/1fps_300s/ego4d/class_00000000/img_03209128.jpeg 14174
counter, i, fname, cls 680000 11737377 /misc/vlgscratch5/LakeGroup/emin/sayavakepicut/1fps_300s/ego4d/class_00000005/img_00111854.jpeg 14179
counter, i, fname, cls 690000 17058962 /misc/vlgscratch5/LakeGroup/emin/sayavakepicut/1fps_300s/ego4d/class_00000009/img_00879716.jpeg 14183
counter, i, fname, cls 700000 15671318 /misc/vlgscratch5/LakeGroup/emin/sayavakepicut/1fps_300s/ego4d/class_00000008/img_00452052.jpeg 14182
counter, i, fname, cls 710000 653213 /misc/vlgscratch5/LakeGroup/emin/sayavakepicut/1fps_300s/P22/class_0076/img_0298.jpeg 2183
counter, i, fname, cls 720000 13168335 /misc/vlgscratch5/LakeGroup/emin/sayavakepicut/1fps_300s/ego4d/class_00000006/img_00057071.jpeg 14180
counter, i, fname, cls 730000 12197456 /misc/vlgscratch5/LakeGroup/emin/sayavakepicut/1fps_300s/ego4d/class_00000005/img_00571933.jpeg 14179
counter, i, fname, cls 740000 1649285 /misc/vlgscratch5/LakeGroup/emin/sayavakepicut/1fps_300s/Y/class_0243/img_0229.jpeg 5511
counter, i, fname, cls 750000 17535395 /misc/vlgscratch5/LakeGroup/emin/sayavakepicut/1fps_300s/ego4d/class_00000010/img_00091245.jpeg 14184
counter, i, fname, cls 760000 2887554 /misc/vlgscratch5/LakeGroup/emin/sayavakepicut/1fps_300s/ava_trainval/class_0383/img_0066.jpeg 9640
counter, i, fname, cls 770000 2638194 /misc/vlgscratch5/LakeGroup/emin/sayavakepicut/1fps_300s/ava_test/class_1891/img_0166.jpeg 8808
counter, i, fname, cls 780000 5717044 /misc/vlgscratch5/LakeGroup/emin/sayavakepicut/1fps_300s/ego4d/class_00000000/img_01469557.jpeg 14174
counter, i, fname, cls 790000 13965517 /misc/vlgscratch5/LakeGroup/emin/sayavakepicut/1fps_300s/ego4d/class_00000006/img_00854253.jpeg 14180
counter, i, fname, cls 800000 16296074 /misc/vlgscratch5/LakeGroup/emin/sayavakepicut/1fps_300s/ego4d/class_00000009/img_00116828.jpeg 14183
counter, i, fname, cls 810000 4242749 /misc/vlgscratch5/LakeGroup/emin/sayavakepicut/1fps_300s/ava_trainval/class_4900/img_0161.jpeg 14157
counter, i, fname, cls 820000 11240301 /misc/vlgscratch5/LakeGroup/emin/sayavakepicut/1fps_300s/ego4d/class_00000003/img_01218235.jpeg 14177
counter, i, fname, cls 830000 16870921 /misc/vlgscratch5/LakeGroup/emin/sayavakepicut/1fps_300s/ego4d/class_00000009/img_00691675.jpeg 14183
counter, i, fname, cls 840000 10715520 /misc/vlgscratch5/LakeGroup/emin/sayavakepicut/1fps_300s/ego4d/class_00000003/img_00693454.jpeg 14177
counter, i, fname, cls 850000 4384773 /misc/vlgscratch5/LakeGroup/emin/sayavakepicut/1fps_300s/ego4d/class_00000000/img_00137286.jpeg 14174
counter, i, fname, cls 860000 3812002 /misc/vlgscratch5/LakeGroup/emin/sayavakepicut/1fps_300s/ava_trainval/class_3464/img_0214.jpeg 12721
counter, i, fname, cls 870000 5737322 /misc/vlgscratch5/LakeGroup/emin/sayavakepicut/1fps_300s/ego4d/class_00000000/img_01489835.jpeg 14174
counter, i, fname, cls 880000 2249300 /misc/vlgscratch5/LakeGroup/emin/sayavakepicut/1fps_300s/ava_test/class_0595/img_0072.jpeg 7512
counter, i, fname, cls 890000 6929809 /misc/vlgscratch5/LakeGroup/emin/sayavakepicut/1fps_300s/ego4d/class_00000000/img_02682322.jpeg 14174
counter, i, fname, cls 900000 11095744 /misc/vlgscratch5/LakeGroup/emin/sayavakepicut/1fps_300s/ego4d/class_00000003/img_01073678.jpeg 14177
counter, i, fname, cls 910000 12272216 /misc/vlgscratch5/LakeGroup/emin/sayavakepicut/1fps_300s/ego4d/class_00000005/img_00646693.jpeg 14179
counter, i, fname, cls 920000 6739344 /misc/vlgscratch5/LakeGroup/emin/sayavakepicut/1fps_300s/ego4d/class_00000000/img_02491857.jpeg 14174
counter, i, fname, cls 930000 1595165 /misc/vlgscratch5/LakeGroup/emin/sayavakepicut/1fps_300s/Y/class_0063/img_0109.jpeg 5331
counter, i, fname, cls 940000 10661948 /misc/vlgscratch5/LakeGroup/emin/sayavakepicut/1fps_300s/ego4d/class_00000003/img_00639882.jpeg 14177
counter, i, fname, cls 950000 7603685 /misc/vlgscratch5/LakeGroup/emin/sayavakepicut/1fps_300s/ego4d/class_00000000/img_03356198.jpeg 14174
counter, i, fname, cls 960000 11682731 /misc/vlgscratch5/LakeGroup/emin/sayavakepicut/1fps_300s/ego4d/class_00000005/img_00057208.jpeg 14179
counter, i, fname, cls 970000 14176194 /misc/vlgscratch5/LakeGroup/emin/sayavakepicut/1fps_300s/ego4d/class_00000006/img_01064930.jpeg 14180
counter, i, fname, cls 980000 371474 /misc/vlgscratch5/LakeGroup/emin/sayavakepicut/1fps_300s/A/class_1238/img_0074.jpeg 1238
counter, i, fname, cls 990000 8821201 /misc/vlgscratch5/LakeGroup/emin/sayavakepicut/1fps_300s/ego4d/class_00000002/img_00020228.jpeg 14176
# writing /misc/vlgscratch4/LakeGroup/emin/sayavakepicutego4d_000001.tar 1000000 380.8 GB 1000000
counter, i, fname, cls 1000000 898627 /misc/vlgscratch5/LakeGroup/emin/sayavakepicut/1fps_300s/S/class_0416/img_0138.jpeg 3008
counter, i, fname, cls 1010000 3679732 /misc/vlgscratch5/LakeGroup/emin/sayavakepicut/1fps_300s/ava_trainval/class_3023/img_0244.jpeg 12280
counter, i, fname, cls 1020000 5172529 /misc/vlgscratch5/LakeGroup/emin/sayavakepicut/1fps_300s/ego4d/class_00000000/img_00925042.jpeg 14174
counter, i, fname, cls 1030000 10227531 /misc/vlgscratch5/LakeGroup/emin/sayavakepicut/1fps_300s/ego4d/class_00000003/img_00205465.jpeg 14177
counter, i, fname, cls 1040000 1666799 /misc/vlgscratch5/LakeGroup/emin/sayavakepicut/1fps_300s/Y/class_0302/img_0043.jpeg 5570
counter, i, fname, cls 1050000 1510102 /misc/vlgscratch5/LakeGroup/emin/sayavakepicut/1fps_300s/S/class_2454/img_0213.jpeg 5046
counter, i, fname, cls 1060000 614913 /misc/vlgscratch5/LakeGroup/emin/sayavakepicut/1fps_300s/P11/class_0019/img_0202.jpeg 2054
counter, i, fname, cls 1070000 10148560 /misc/vlgscratch5/LakeGroup/emin/sayavakepicut/1fps_300s/ego4d/class_00000003/img_00126494.jpeg 14177
counter, i, fname, cls 1080000 8866542 /misc/vlgscratch5/LakeGroup/emin/sayavakepicut/1fps_300s/ego4d/class_00000002/img_00065569.jpeg 14176
counter, i, fname, cls 1090000 6391278 /misc/vlgscratch5/LakeGroup/emin/sayavakepicut/1fps_300s/ego4d/class_00000000/img_02143791.jpeg 14174
counter, i, fname, cls 1100000 13506230 /misc/vlgscratch5/LakeGroup/emin/sayavakepicut/1fps_300s/ego4d/class_00000006/img_00394966.jpeg 14180
counter, i, fname, cls 1110000 5884698 /misc/vlgscratch5/LakeGroup/emin/sayavakepicut/1fps_300s/ego4d/class_00000000/img_01637211.jpeg 14174
counter, i, fname, cls 1120000 14119513 /misc/vlgscratch5/LakeGroup/emin/sayavakepicut/1fps_300s/ego4d/class_00000006/img_01008249.jpeg 14180
counter, i, fname, cls 1130000 15275833 /misc/vlgscratch5/LakeGroup/emin/sayavakepicut/1fps_300s/ego4d/class_00000008/img_00056567.jpeg 14182
counter, i, fname, cls 1140000 15585800 /misc/vlgscratch5/LakeGroup/emin/sayavakepicut/1fps_300s/ego4d/class_00000008/img_00366534.jpeg 14182
counter, i, fname, cls 1150000 15939110 /misc/vlgscratch5/LakeGroup/emin/sayavakepicut/1fps_300s/ego4d/class_00000008/img_00719844.jpeg 14182
counter, i, fname, cls 1160000 3251971 /misc/vlgscratch5/LakeGroup/emin/sayavakepicut/1fps_300s/ava_trainval/class_1597/img_0283.jpeg 10854
counter, i, fname, cls 1170000 1314408 /misc/vlgscratch5/LakeGroup/emin/sayavakepicut/1fps_300s/S/class_1802/img_0119.jpeg 4394
counter, i, fname, cls 1180000 16135905 /misc/vlgscratch5/LakeGroup/emin/sayavakepicut/1fps_300s/ego4d/class_00000008/img_00916639.jpeg 14182
counter, i, fname, cls 1190000 11181765 /misc/vlgscratch5/LakeGroup/emin/sayavakepicut/1fps_300s/ego4d/class_00000003/img_01159699.jpeg 14177
counter, i, fname, cls 1200000 4685675 /misc/vlgscratch5/LakeGroup/emin/sayavakepicut/1fps_300s/ego4d/class_00000000/img_00438188.jpeg 14174
counter, i, fname, cls 1210000 7769741 /misc/vlgscratch5/LakeGroup/emin/sayavakepicut/1fps_300s/ego4d/class_00000000/img_03522254.jpeg 14174
counter, i, fname, cls 1220000 16620408 /misc/vlgscratch5/LakeGroup/emin/sayavakepicut/1fps_300s/ego4d/class_00000009/img_00441162.jpeg 14183
counter, i, fname, cls 1230000 15500574 /misc/vlgscratch5/LakeGroup/emin/sayavakepicut/1fps_300s/ego4d/class_00000008/img_00281308.jpeg 14182
counter, i, fname, cls 1240000 15908028 /misc/vlgscratch5/LakeGroup/emin/sayavakepicut/1fps_300s/ego4d/class_00000008/img_00688762.jpeg 14182
counter, i, fname, cls 1250000 9513907 /misc/vlgscratch5/LakeGroup/emin/sayavakepicut/1fps_300s/ego4d/class_00000002/img_00712934.jpeg 14176
counter, i, fname, cls 1260000 12137003 /misc/vlgscratch5/LakeGroup/emin/sayavakepicut/1fps_300s/ego4d/class_00000005/img_00511480.jpeg 14179
counter, i, fname, cls 1270000 2020751 /misc/vlgscratch5/LakeGroup/emin/sayavakepicut/1fps_300s/Y/class_1481/img_0295.jpeg 6749
counter, i, fname, cls 1280000 11951479 /misc/vlgscratch5/LakeGroup/emin/sayavakepicut/1fps_300s/ego4d/class_00000005/img_00325956.jpeg 14179
counter, i, fname, cls 1290000 14795121 /misc/vlgscratch5/LakeGroup/emin/sayavakepicut/1fps_300s/ego4d/class_00000007/img_00189888.jpeg 14181
counter, i, fname, cls 1300000 2202203 /misc/vlgscratch5/LakeGroup/emin/sayavakepicut/1fps_300s/ava_test/class_0438/img_0075.jpeg 7355
counter, i, fname, cls 1310000 7087731 /misc/vlgscratch5/LakeGroup/emin/sayavakepicut/1fps_300s/ego4d/class_00000000/img_02840244.jpeg 14174
counter, i, fname, cls 1320000 11593348 /misc/vlgscratch5/LakeGroup/emin/sayavakepicut/1fps_300s/ego4d/class_00000004/img_00192456.jpeg 14178
counter, i, fname, cls 1330000 8721178 /misc/vlgscratch5/LakeGroup/emin/sayavakepicut/1fps_300s/ego4d/class_00000000/img_04473691.jpeg 14174
counter, i, fname, cls 1340000 13911278 /misc/vlgscratch5/LakeGroup/emin/sayavakepicut/1fps_300s/ego4d/class_00000006/img_00800014.jpeg 14180
counter, i, fname, cls 1350000 14665469 /misc/vlgscratch5/LakeGroup/emin/sayavakepicut/1fps_300s/ego4d/class_00000007/img_00060236.jpeg 14181
counter, i, fname, cls 1360000 589412 /misc/vlgscratch5/LakeGroup/emin/sayavakepicut/1fps_300s/P06/class_0018/img_0051.jpeg 1968
counter, i, fname, cls 1370000 3233146 /misc/vlgscratch5/LakeGroup/emin/sayavakepicut/1fps_300s/ava_trainval/class_1535/img_0058.jpeg 10792
counter, i, fname, cls 1380000 2303578 /misc/vlgscratch5/LakeGroup/emin/sayavakepicut/1fps_300s/ava_test/class_0776/img_0050.jpeg 7693
counter, i, fname, cls 1390000 1615670 /misc/vlgscratch5/LakeGroup/emin/sayavakepicut/1fps_300s/Y/class_0131/img_0214.jpeg 5399
counter, i, fname, cls 1400000 17552216 /misc/vlgscratch5/LakeGroup/emin/sayavakepicut/1fps_300s/ego4d/class_00000010/img_00108066.jpeg 14184
counter, i, fname, cls 1410000 10198071 /misc/vlgscratch5/LakeGroup/emin/sayavakepicut/1fps_300s/ego4d/class_00000003/img_00176005.jpeg 14177
counter, i, fname, cls 1420000 1801271 /misc/vlgscratch5/LakeGroup/emin/sayavakepicut/1fps_300s/Y/class_0750/img_0115.jpeg 6018
counter, i, fname, cls 1430000 15682573 /misc/vlgscratch5/LakeGroup/emin/sayavakepicut/1fps_300s/ego4d/class_00000008/img_00463307.jpeg 14182
counter, i, fname, cls 1440000 6781637 /misc/vlgscratch5/LakeGroup/emin/sayavakepicut/1fps_300s/ego4d/class_00000000/img_02534150.jpeg 14174
counter, i, fname, cls 1450000 8790199 /misc/vlgscratch5/LakeGroup/emin/sayavakepicut/1fps_300s/ego4d/class_00000001/img_00002948.jpeg 14175
counter, i, fname, cls 1460000 9555927 /misc/vlgscratch5/LakeGroup/emin/sayavakepicut/1fps_300s/ego4d/class_00000002/img_00754954.jpeg 14176
counter, i, fname, cls 1470000 7049934 /misc/vlgscratch5/LakeGroup/emin/sayavakepicut/1fps_300s/ego4d/class_00000000/img_02802447.jpeg 14174
counter, i, fname, cls 1480000 4815291 /misc/vlgscratch5/LakeGroup/emin/sayavakepicut/1fps_300s/ego4d/class_00000000/img_00567804.jpeg 14174
counter, i, fname, cls 1490000 8348159 /misc/vlgscratch5/LakeGroup/emin/sayavakepicut/1fps_300s/ego4d/class_00000000/img_04100672.jpeg 14174
counter, i, fname, cls 1500000 6564070 /misc/vlgscratch5/LakeGroup/emin/sayavakepicut/1fps_300s/ego4d/class_00000000/img_02316583.jpeg 14174
counter, i, fname, cls 1510000 14103113 /misc/vlgscratch5/LakeGroup/emin/sayavakepicut/1fps_300s/ego4d/class_00000006/img_00991849.jpeg 14180
counter, i, fname, cls 1520000 1487678 /misc/vlgscratch5/LakeGroup/emin/sayavakepicut/1fps_300s/S/class_2379/img_0289.jpeg 4971
counter, i, fname, cls 1530000 9914581 /misc/vlgscratch5/LakeGroup/emin/sayavakepicut/1fps_300s/ego4d/class_00000002/img_01113608.jpeg 14176
counter, i, fname, cls 1540000 7209218 /misc/vlgscratch5/LakeGroup/emin/sayavakepicut/1fps_300s/ego4d/class_00000000/img_02961731.jpeg 14174
counter, i, fname, cls 1550000 6238630 /misc/vlgscratch5/LakeGroup/emin/sayavakepicut/1fps_300s/ego4d/class_00000000/img_01991143.jpeg 14174
counter, i, fname, cls 1560000 9924158 /misc/vlgscratch5/LakeGroup/emin/sayavakepicut/1fps_300s/ego4d/class_00000002/img_01123185.jpeg 14176
counter, i, fname, cls 1570000 1835948 /misc/vlgscratch5/LakeGroup/emin/sayavakepicut/1fps_300s/Y/class_0865/img_0292.jpeg 6133
counter, i, fname, cls 1580000 17301811 /misc/vlgscratch5/LakeGroup/emin/sayavakepicut/1fps_300s/ego4d/class_00000009/img_01122565.jpeg 14183
counter, i, fname, cls 1590000 3488915 /misc/vlgscratch5/LakeGroup/emin/sayavakepicut/1fps_300s/ava_trainval/class_2387/img_0227.jpeg 11644
counter, i, fname, cls 1600000 5735757 /misc/vlgscratch5/LakeGroup/emin/sayavakepicut/1fps_300s/ego4d/class_00000000/img_01488270.jpeg 14174
counter, i, fname, cls 1610000 8367734 /misc/vlgscratch5/LakeGroup/emin/sayavakepicut/1fps_300s/ego4d/class_00000000/img_04120247.jpeg 14174
counter, i, fname, cls 1620000 16656379 /misc/vlgscratch5/LakeGroup/emin/sayavakepicut/1fps_300s/ego4d/class_00000009/img_00477133.jpeg 14183
counter, i, fname, cls 1630000 16283770 /misc/vlgscratch5/LakeGroup/emin/sayavakepicut/1fps_300s/ego4d/class_00000009/img_00104524.jpeg 14183
counter, i, fname, cls 1640000 3564548 /misc/vlgscratch5/LakeGroup/emin/sayavakepicut/1fps_300s/ava_trainval/class_2639/img_0260.jpeg 11896
counter, i, fname, cls 1650000 943451 /misc/vlgscratch5/LakeGroup/emin/sayavakepicut/1fps_300s/S/class_0565/img_0262.jpeg 3157
counter, i, fname, cls 1660000 5236066 /misc/vlgscratch5/LakeGroup/emin/sayavakepicut/1fps_300s/ego4d/class_00000000/img_00988579.jpeg 14174
counter, i, fname, cls 1670000 12820632 /misc/vlgscratch5/LakeGroup/emin/sayavakepicut/1fps_300s/ego4d/class_00000005/img_01195109.jpeg 14179
counter, i, fname, cls 1680000 3791830 /misc/vlgscratch5/LakeGroup/emin/sayavakepicut/1fps_300s/ava_trainval/class_3397/img_0142.jpeg 12654
counter, i, fname, cls 1690000 10856596 /misc/vlgscratch5/LakeGroup/emin/sayavakepicut/1fps_300s/ego4d/class_00000003/img_00834530.jpeg 14177
counter, i, fname, cls 1700000 1796399 /misc/vlgscratch5/LakeGroup/emin/sayavakepicut/1fps_300s/Y/class_0734/img_0043.jpeg 6002
counter, i, fname, cls 1710000 6781827 /misc/vlgscratch5/LakeGroup/emin/sayavakepicut/1fps_300s/ego4d/class_00000000/img_02534340.jpeg 14174
counter, i, fname, cls 1720000 8368115 /misc/vlgscratch5/LakeGroup/emin/sayavakepicut/1fps_300s/ego4d/class_00000000/img_04120628.jpeg 14174
counter, i, fname, cls 1730000 5382425 /misc/vlgscratch5/LakeGroup/emin/sayavakepicut/1fps_300s/ego4d/class_00000000/img_01134938.jpeg 14174
counter, i, fname, cls 1740000 13426587 /misc/vlgscratch5/LakeGroup/emin/sayavakepicut/1fps_300s/ego4d/class_00000006/img_00315323.jpeg 14180
counter, i, fname, cls 1750000 12327414 /misc/vlgscratch5/LakeGroup/emin/sayavakepicut/1fps_300s/ego4d/class_00000005/img_00701891.jpeg 14179
counter, i, fname, cls 1760000 14798468 /misc/vlgscratch5/LakeGroup/emin/sayavakepicut/1fps_300s/ego4d/class_00000007/img_00193235.jpeg 14181
counter, i, fname, cls 1770000 17645433 /misc/vlgscratch5/LakeGroup/emin/sayavakepicut/1fps_300s/ego4d/class_00000010/img_00201283.jpeg 14184
counter, i, fname, cls 1780000 12991210 /misc/vlgscratch5/LakeGroup/emin/sayavakepicut/1fps_300s/ego4d/class_00000005/img_01365687.jpeg 14179
counter, i, fname, cls 1790000 11455686 /misc/vlgscratch5/LakeGroup/emin/sayavakepicut/1fps_300s/ego4d/class_00000004/img_00054794.jpeg 14178
counter, i, fname, cls 1800000 2899553 /misc/vlgscratch5/LakeGroup/emin/sayavakepicut/1fps_300s/ava_trainval/class_0423/img_0065.jpeg 9680
counter, i, fname, cls 1810000 6820658 /misc/vlgscratch5/LakeGroup/emin/sayavakepicut/1fps_300s/ego4d/class_00000000/img_02573171.jpeg 14174
counter, i, fname, cls 1820000 10761566 /misc/vlgscratch5/LakeGroup/emin/sayavakepicut/1fps_300s/ego4d/class_00000003/img_00739500.jpeg 14177
counter, i, fname, cls 1830000 12106210 /misc/vlgscratch5/LakeGroup/emin/sayavakepicut/1fps_300s/ego4d/class_00000005/img_00480687.jpeg 14179
counter, i, fname, cls 1840000 4207200 /misc/vlgscratch5/LakeGroup/emin/sayavakepicut/1fps_300s/ava_trainval/class_4782/img_0012.jpeg 14039
counter, i, fname, cls 1850000 7087666 /misc/vlgscratch5/LakeGroup/emin/sayavakepicut/1fps_300s/ego4d/class_00000000/img_02840179.jpeg 14174
counter, i, fname, cls 1860000 12676595 /misc/vlgscratch5/LakeGroup/emin/sayavakepicut/1fps_300s/ego4d/class_00000005/img_01051072.jpeg 14179
counter, i, fname, cls 1870000 15708377 /misc/vlgscratch5/LakeGroup/emin/sayavakepicut/1fps_300s/ego4d/class_00000008/img_00489111.jpeg 14182
counter, i, fname, cls 1880000 424185 /misc/vlgscratch5/LakeGroup/emin/sayavakepicut/1fps_300s/A/class_1413/img_0285.jpeg 1413
counter, i, fname, cls 1890000 5432276 /misc/vlgscratch5/LakeGroup/emin/sayavakepicut/1fps_300s/ego4d/class_00000000/img_01184789.jpeg 14174
counter, i, fname, cls 1900000 15531311 /misc/vlgscratch5/LakeGroup/emin/sayavakepicut/1fps_300s/ego4d/class_00000008/img_00312045.jpeg 14182
counter, i, fname, cls 1910000 10865730 /misc/vlgscratch5/LakeGroup/emin/sayavakepicut/1fps_300s/ego4d/class_00000003/img_00843664.jpeg 14177
counter, i, fname, cls 1920000 8911485 /misc/vlgscratch5/LakeGroup/emin/sayavakepicut/1fps_300s/ego4d/class_00000002/img_00110512.jpeg 14176
counter, i, fname, cls 1930000 2446737 /misc/vlgscratch5/LakeGroup/emin/sayavakepicut/1fps_300s/ava_test/class_1253/img_0109.jpeg 8170
counter, i, fname, cls 1940000 17844317 /misc/vlgscratch5/LakeGroup/emin/sayavakepicut/1fps_300s/kcam/class_0475/img_0183.jpeg 14660
counter, i, fname, cls 1950000 9335884 /misc/vlgscratch5/LakeGroup/emin/sayavakepicut/1fps_300s/ego4d/class_00000002/img_00534911.jpeg 14176
counter, i, fname, cls 1960000 6384983 /misc/vlgscratch5/LakeGroup/emin/sayavakepicut/1fps_300s/ego4d/class_00000000/img_02137496.jpeg 14174
counter, i, fname, cls 1970000 4249394 /misc/vlgscratch5/LakeGroup/emin/sayavakepicut/1fps_300s/ego4d/class_00000000/img_00001907.jpeg 14174
counter, i, fname, cls 1980000 15884512 /misc/vlgscratch5/LakeGroup/emin/sayavakepicut/1fps_300s/ego4d/class_00000008/img_00665246.jpeg 14182
counter, i, fname, cls 1990000 15471792 /misc/vlgscratch5/LakeGroup/emin/sayavakepicut/1fps_300s/ego4d/class_00000008/img_00252526.jpeg 14182
# writing /misc/vlgscratch4/LakeGroup/emin/sayavakepicutego4d_000002.tar 1000000 380.9 GB 2000000
counter, i, fname, cls 2000000 9815648 /misc/vlgscratch5/LakeGroup/emin/sayavakepicut/1fps_300s/ego4d/class_00000002/img_01014675.jpeg 14176
counter, i, fname, cls 2010000 12731351 /misc/vlgscratch5/LakeGroup/emin/sayavakepicut/1fps_300s/ego4d/class_00000005/img_01105828.jpeg 14179
counter, i, fname, cls 2020000 2997936 /misc/vlgscratch5/LakeGroup/emin/sayavakepicut/1fps_300s/ava_trainval/class_0751/img_0048.jpeg 10008
counter, i, fname, cls 2030000 10874990 /misc/vlgscratch5/LakeGroup/emin/sayavakepicut/1fps_300s/ego4d/class_00000003/img_00852924.jpeg 14177
counter, i, fname, cls 2040000 6058712 /misc/vlgscratch5/LakeGroup/emin/sayavakepicut/1fps_300s/ego4d/class_00000000/img_01811225.jpeg 14174
counter, i, fname, cls 2050000 5248409 /misc/vlgscratch5/LakeGroup/emin/sayavakepicut/1fps_300s/ego4d/class_00000000/img_01000922.jpeg 14174
counter, i, fname, cls 2060000 13652323 /misc/vlgscratch5/LakeGroup/emin/sayavakepicut/1fps_300s/ego4d/class_00000006/img_00541059.jpeg 14180
counter, i, fname, cls 2070000 14783442 /misc/vlgscratch5/LakeGroup/emin/sayavakepicut/1fps_300s/ego4d/class_00000007/img_00178209.jpeg 14181
counter, i, fname, cls 2080000 5425694 /misc/vlgscratch5/LakeGroup/emin/sayavakepicut/1fps_300s/ego4d/class_00000000/img_01178207.jpeg 14174
counter, i, fname, cls 2090000 7599 /misc/vlgscratch5/LakeGroup/emin/sayavakepicut/1fps_300s/A/class_0025/img_0099.jpeg 25
counter, i, fname, cls 2100000 17570922 /misc/vlgscratch5/LakeGroup/emin/sayavakepicut/1fps_300s/ego4d/class_00000010/img_00126772.jpeg 14184
counter, i, fname, cls 2110000 12392282 /misc/vlgscratch5/LakeGroup/emin/sayavakepicut/1fps_300s/ego4d/class_00000005/img_00766759.jpeg 14179
counter, i, fname, cls 2120000 17372723 /misc/vlgscratch5/LakeGroup/emin/sayavakepicut/1fps_300s/ego4d/class_00000009/img_01193477.jpeg 14183
counter, i, fname, cls 2130000 2222082 /misc/vlgscratch5/LakeGroup/emin/sayavakepicut/1fps_300s/ava_test/class_0504/img_0154.jpeg 7421
counter, i, fname, cls 2140000 16050623 /misc/vlgscratch5/LakeGroup/emin/sayavakepicut/1fps_300s/ego4d/class_00000008/img_00831357.jpeg 14182
counter, i, fname, cls 2150000 13655184 /misc/vlgscratch5/LakeGroup/emin/sayavakepicut/1fps_300s/ego4d/class_00000006/img_00543920.jpeg 14180
counter, i, fname, cls 2160000 1213757 /misc/vlgscratch5/LakeGroup/emin/sayavakepicut/1fps_300s/S/class_1466/img_0268.jpeg 4058
counter, i, fname, cls 2170000 12773987 /misc/vlgscratch5/LakeGroup/emin/sayavakepicut/1fps_300s/ego4d/class_00000005/img_01148464.jpeg 14179
counter, i, fname, cls 2180000 3981267 /misc/vlgscratch5/LakeGroup/emin/sayavakepicut/1fps_300s/ava_trainval/class_4028/img_0279.jpeg 13285
counter, i, fname, cls 2190000 10309018 /misc/vlgscratch5/LakeGroup/emin/sayavakepicut/1fps_300s/ego4d/class_00000003/img_00286952.jpeg 14177
counter, i, fname, cls 2200000 13657158 /misc/vlgscratch5/LakeGroup/emin/sayavakepicut/1fps_300s/ego4d/class_00000006/img_00545894.jpeg 14180
counter, i, fname, cls 2210000 15036675 /misc/vlgscratch5/LakeGroup/emin/sayavakepicut/1fps_300s/ego4d/class_00000007/img_00431442.jpeg 14181
counter, i, fname, cls 2220000 8086419 /misc/vlgscratch5/LakeGroup/emin/sayavakepicut/1fps_300s/ego4d/class_00000000/img_03838932.jpeg 14174
counter, i, fname, cls 2230000 4618472 /misc/vlgscratch5/LakeGroup/emin/sayavakepicut/1fps_300s/ego4d/class_00000000/img_00370985.jpeg 14174
counter, i, fname, cls 2240000 9111903 /misc/vlgscratch5/LakeGroup/emin/sayavakepicut/1fps_300s/ego4d/class_00000002/img_00310930.jpeg 14176
counter, i, fname, cls 2250000 12243168 /misc/vlgscratch5/LakeGroup/emin/sayavakepicut/1fps_300s/ego4d/class_00000005/img_00617645.jpeg 14179
counter, i, fname, cls 2260000 16518039 /misc/vlgscratch5/LakeGroup/emin/sayavakepicut/1fps_300s/ego4d/class_00000009/img_00338793.jpeg 14183
counter, i, fname, cls 2270000 9378565 /misc/vlgscratch5/LakeGroup/emin/sayavakepicut/1fps_300s/ego4d/class_00000002/img_00577592.jpeg 14176
counter, i, fname, cls 2280000 2065641 /misc/vlgscratch5/LakeGroup/emin/sayavakepicut/1fps_300s/Y/class_1631/img_0185.jpeg 6899
counter, i, fname, cls 2290000 6244207 /misc/vlgscratch5/LakeGroup/emin/sayavakepicut/1fps_300s/ego4d/class_00000000/img_01996720.jpeg 14174
counter, i, fname, cls 2300000 9529373 /misc/vlgscratch5/LakeGroup/emin/sayavakepicut/1fps_300s/ego4d/class_00000002/img_00728400.jpeg 14176
counter, i, fname, cls 2310000 16088793 /misc/vlgscratch5/LakeGroup/emin/sayavakepicut/1fps_300s/ego4d/class_00000008/img_00869527.jpeg 14182
counter, i, fname, cls 2320000 16778891 /misc/vlgscratch5/LakeGroup/emin/sayavakepicut/1fps_300s/ego4d/class_00000009/img_00599645.jpeg 14183
counter, i, fname, cls 2330000 17775295 /misc/vlgscratch5/LakeGroup/emin/sayavakepicut/1fps_300s/kcam/class_0245/img_0161.jpeg 14430
counter, i, fname, cls 2340000 2619675 /misc/vlgscratch5/LakeGroup/emin/sayavakepicut/1fps_300s/ava_test/class_1829/img_0247.jpeg 8746
counter, i, fname, cls 2350000 2654158 /misc/vlgscratch5/LakeGroup/emin/sayavakepicut/1fps_300s/ava_test/class_1944/img_0230.jpeg 8861
counter, i, fname, cls 2360000 6313721 /misc/vlgscratch5/LakeGroup/emin/sayavakepicut/1fps_300s/ego4d/class_00000000/img_02066234.jpeg 14174
counter, i, fname, cls 2370000 6952554 /misc/vlgscratch5/LakeGroup/emin/sayavakepicut/1fps_300s/ego4d/class_00000000/img_02705067.jpeg 14174
counter, i, fname, cls 2380000 12021838 /misc/vlgscratch5/LakeGroup/emin/sayavakepicut/1fps_300s/ego4d/class_00000005/img_00396315.jpeg 14179
counter, i, fname, cls 2390000 17452899 /misc/vlgscratch5/LakeGroup/emin/sayavakepicut/1fps_300s/ego4d/class_00000010/img_00008749.jpeg 14184
counter, i, fname, cls 2400000 15683364 /misc/vlgscratch5/LakeGroup/emin/sayavakepicut/1fps_300s/ego4d/class_00000008/img_00464098.jpeg 14182
counter, i, fname, cls 2410000 13019804 /misc/vlgscratch5/LakeGroup/emin/sayavakepicut/1fps_300s/ego4d/class_00000005/img_01394281.jpeg 14179
counter, i, fname, cls 2420000 16370640 /misc/vlgscratch5/LakeGroup/emin/sayavakepicut/1fps_300s/ego4d/class_00000009/img_00191394.jpeg 14183
counter, i, fname, cls 2430000 8651121 /misc/vlgscratch5/LakeGroup/emin/sayavakepicut/1fps_300s/ego4d/class_00000000/img_04403634.jpeg 14174
counter, i, fname, cls 2440000 11994286 /misc/vlgscratch5/LakeGroup/emin/sayavakepicut/1fps_300s/ego4d/class_00000005/img_00368763.jpeg 14179
counter, i, fname, cls 2450000 11876115 /misc/vlgscratch5/LakeGroup/emin/sayavakepicut/1fps_300s/ego4d/class_00000005/img_00250592.jpeg 14179
counter, i, fname, cls 2460000 13940395 /misc/vlgscratch5/LakeGroup/emin/sayavakepicut/1fps_300s/ego4d/class_00000006/img_00829131.jpeg 14180
counter, i, fname, cls 2470000 6267668 /misc/vlgscratch5/LakeGroup/emin/sayavakepicut/1fps_300s/ego4d/class_00000000/img_02020181.jpeg 14174
counter, i, fname, cls 2480000 354214 /misc/vlgscratch5/LakeGroup/emin/sayavakepicut/1fps_300s/A/class_1180/img_0214.jpeg 1180
counter, i, fname, cls 2490000 15590862 /misc/vlgscratch5/LakeGroup/emin/sayavakepicut/1fps_300s/ego4d/class_00000008/img_00371596.jpeg 14182
counter, i, fname, cls 2500000 3696422 /misc/vlgscratch5/LakeGroup/emin/sayavakepicut/1fps_300s/ava_trainval/class_3079/img_0134.jpeg 12336
counter, i, fname, cls 2510000 3126832 /misc/vlgscratch5/LakeGroup/emin/sayavakepicut/1fps_300s/ava_trainval/class_1180/img_0244.jpeg 10437
counter, i, fname, cls 2520000 16535611 /misc/vlgscratch5/LakeGroup/emin/sayavakepicut/1fps_300s/ego4d/class_00000009/img_00356365.jpeg 14183
counter, i, fname, cls 2530000 15988567 /misc/vlgscratch5/LakeGroup/emin/sayavakepicut/1fps_300s/ego4d/class_00000008/img_00769301.jpeg 14182
counter, i, fname, cls 2540000 12735878 /misc/vlgscratch5/LakeGroup/emin/sayavakepicut/1fps_300s/ego4d/class_00000005/img_01110355.jpeg 14179
counter, i, fname, cls 2550000 14361545 /misc/vlgscratch5/LakeGroup/emin/sayavakepicut/1fps_300s/ego4d/class_00000006/img_01250281.jpeg 14180
counter, i, fname, cls 2560000 8906133 /misc/vlgscratch5/LakeGroup/emin/sayavakepicut/1fps_300s/ego4d/class_00000002/img_00105160.jpeg 14176
counter, i, fname, cls 2570000 8120810 /misc/vlgscratch5/LakeGroup/emin/sayavakepicut/1fps_300s/ego4d/class_00000000/img_03873323.jpeg 14174
counter, i, fname, cls 2580000 3836970 /misc/vlgscratch5/LakeGroup/emin/sayavakepicut/1fps_300s/ava_trainval/class_3547/img_0282.jpeg 12804
counter, i, fname, cls 2590000 16049449 /misc/vlgscratch5/LakeGroup/emin/sayavakepicut/1fps_300s/ego4d/class_00000008/img_00830183.jpeg 14182
counter, i, fname, cls 2600000 7073170 /misc/vlgscratch5/LakeGroup/emin/sayavakepicut/1fps_300s/ego4d/class_00000000/img_02825683.jpeg 14174
counter, i, fname, cls 2610000 3466942 /misc/vlgscratch5/LakeGroup/emin/sayavakepicut/1fps_300s/ava_trainval/class_2314/img_0154.jpeg 11571
counter, i, fname, cls 2620000 6915718 /misc/vlgscratch5/LakeGroup/emin/sayavakepicut/1fps_300s/ego4d/class_00000000/img_02668231.jpeg 14174
counter, i, fname, cls 2630000 7672787 /misc/vlgscratch5/LakeGroup/emin/sayavakepicut/1fps_300s/ego4d/class_00000000/img_03425300.jpeg 14174
counter, i, fname, cls 2640000 2802067 /misc/vlgscratch5/LakeGroup/emin/sayavakepicut/1fps_300s/ava_trainval/class_0098/img_0079.jpeg 9355
counter, i, fname, cls 2650000 5748815 /misc/vlgscratch5/LakeGroup/emin/sayavakepicut/1fps_300s/ego4d/class_00000000/img_01501328.jpeg 14174
counter, i, fname, cls 2660000 8032084 /misc/vlgscratch5/LakeGroup/emin/sayavakepicut/1fps_300s/ego4d/class_00000000/img_03784597.jpeg 14174
counter, i, fname, cls 2670000 16603495 /misc/vlgscratch5/LakeGroup/emin/sayavakepicut/1fps_300s/ego4d/class_00000009/img_00424249.jpeg 14183
counter, i, fname, cls 2680000 1046952 /misc/vlgscratch5/LakeGroup/emin/sayavakepicut/1fps_300s/S/class_0910/img_0263.jpeg 3502
counter, i, fname, cls 2690000 15705947 /misc/vlgscratch5/LakeGroup/emin/sayavakepicut/1fps_300s/ego4d/class_00000008/img_00486681.jpeg 14182
counter, i, fname, cls 2700000 9306807 /misc/vlgscratch5/LakeGroup/emin/sayavakepicut/1fps_300s/ego4d/class_00000002/img_00505834.jpeg 14176
counter, i, fname, cls 2710000 3352117 /misc/vlgscratch5/LakeGroup/emin/sayavakepicut/1fps_300s/ava_trainval/class_1931/img_0229.jpeg 11188
counter, i, fname, cls 2720000 3746408 /misc/vlgscratch5/LakeGroup/emin/sayavakepicut/1fps_300s/ava_trainval/class_3246/img_0020.jpeg 12503
counter, i, fname, cls 2730000 810121 /misc/vlgscratch5/LakeGroup/emin/sayavakepicut/1fps_300s/S/class_0121/img_0132.jpeg 2713
counter, i, fname, cls 2740000 5603143 /misc/vlgscratch5/LakeGroup/emin/sayavakepicut/1fps_300s/ego4d/class_00000000/img_01355656.jpeg 14174
counter, i, fname, cls 2750000 4884462 /misc/vlgscratch5/LakeGroup/emin/sayavakepicut/1fps_300s/ego4d/class_00000000/img_00636975.jpeg 14174
counter, i, fname, cls 2760000 15019431 /misc/vlgscratch5/LakeGroup/emin/sayavakepicut/1fps_300s/ego4d/class_00000007/img_00414198.jpeg 14181
counter, i, fname, cls 2770000 16741430 /misc/vlgscratch5/LakeGroup/emin/sayavakepicut/1fps_300s/ego4d/class_00000009/img_00562184.jpeg 14183
counter, i, fname, cls 2780000 9100659 /misc/vlgscratch5/LakeGroup/emin/sayavakepicut/1fps_300s/ego4d/class_00000002/img_00299686.jpeg 14176
counter, i, fname, cls 2790000 14516240 /misc/vlgscratch5/LakeGroup/emin/sayavakepicut/1fps_300s/ego4d/class_00000006/img_01404976.jpeg 14180
counter, i, fname, cls 2800000 10089661 /misc/vlgscratch5/LakeGroup/emin/sayavakepicut/1fps_300s/ego4d/class_00000003/img_00067595.jpeg 14177
counter, i, fname, cls 2810000 6734134 /misc/vlgscratch5/LakeGroup/emin/sayavakepicut/1fps_300s/ego4d/class_00000000/img_02486647.jpeg 14174
counter, i, fname, cls 2820000 12905783 /misc/vlgscratch5/LakeGroup/emin/sayavakepicut/1fps_300s/ego4d/class_00000005/img_01280260.jpeg 14179
counter, i, fname, cls 2830000 11426021 /misc/vlgscratch5/LakeGroup/emin/sayavakepicut/1fps_300s/ego4d/class_00000004/img_00025129.jpeg 14178
counter, i, fname, cls 2840000 15061899 /misc/vlgscratch5/LakeGroup/emin/sayavakepicut/1fps_300s/ego4d/class_00000007/img_00456666.jpeg 14181
counter, i, fname, cls 2850000 5990482 /misc/vlgscratch5/LakeGroup/emin/sayavakepicut/1fps_300s/ego4d/class_00000000/img_01742995.jpeg 14174
counter, i, fname, cls 2860000 9604546 /misc/vlgscratch5/LakeGroup/emin/sayavakepicut/1fps_300s/ego4d/class_00000002/img_00803573.jpeg 14176
counter, i, fname, cls 2870000 16061345 /misc/vlgscratch5/LakeGroup/emin/sayavakepicut/1fps_300s/ego4d/class_00000008/img_00842079.jpeg 14182
counter, i, fname, cls 2880000 556655 /misc/vlgscratch5/LakeGroup/emin/sayavakepicut/1fps_300s/P04/class_0009/img_0031.jpeg 1858
counter, i, fname, cls 2890000 17893889 /misc/vlgscratch5/LakeGroup/emin/sayavakepicut/1fps_300s/kcam/class_0640/img_0255.jpeg 14825
counter, i, fname, cls 2900000 9038541 /misc/vlgscratch5/LakeGroup/emin/sayavakepicut/1fps_300s/ego4d/class_00000002/img_00237568.jpeg 14176
counter, i, fname, cls 2910000 13634338 /misc/vlgscratch5/LakeGroup/emin/sayavakepicut/1fps_300s/ego4d/class_00000006/img_00523074.jpeg 14180
counter, i, fname, cls 2920000 15895428 /misc/vlgscratch5/LakeGroup/emin/sayavakepicut/1fps_300s/ego4d/class_00000008/img_00676162.jpeg 14182
counter, i, fname, cls 2930000 4088099 /misc/vlgscratch5/LakeGroup/emin/sayavakepicut/1fps_300s/ava_trainval/class_4385/img_0011.jpeg 13642
counter, i, fname, cls 2940000 14831463 /misc/vlgscratch5/LakeGroup/emin/sayavakepicut/1fps_300s/ego4d/class_00000007/img_00226230.jpeg 14181
counter, i, fname, cls 2950000 2387471 /misc/vlgscratch5/LakeGroup/emin/sayavakepicut/1fps_300s/ava_test/class_1055/img_0243.jpeg 7972
counter, i, fname, cls 2960000 10327315 /misc/vlgscratch5/LakeGroup/emin/sayavakepicut/1fps_300s/ego4d/class_00000003/img_00305249.jpeg 14177
counter, i, fname, cls 2970000 9784824 /misc/vlgscratch5/LakeGroup/emin/sayavakepicut/1fps_300s/ego4d/class_00000002/img_00983851.jpeg 14176
counter, i, fname, cls 2980000 3359312 /misc/vlgscratch5/LakeGroup/emin/sayavakepicut/1fps_300s/ava_trainval/class_1955/img_0224.jpeg 11212
counter, i, fname, cls 2990000 10013733 /misc/vlgscratch5/LakeGroup/emin/sayavakepicut/1fps_300s/ego4d/class_00000002/img_01212760.jpeg 14176
# writing /misc/vlgscratch4/LakeGroup/emin/sayavakepicutego4d_000003.tar 1000000 381.3 GB 3000000
counter, i, fname, cls 3000000 2525539 /misc/vlgscratch5/LakeGroup/emin/sayavakepicut/1fps_300s/ava_test/class_1516/img_0011.jpeg 8433
counter, i, fname, cls 3010000 8349673 /misc/vlgscratch5/LakeGroup/emin/sayavakepicut/1fps_300s/ego4d/class_00000000/img_04102186.jpeg 14174
counter, i, fname, cls 3020000 6429738 /misc/vlgscratch5/LakeGroup/emin/sayavakepicut/1fps_300s/ego4d/class_00000000/img_02182251.jpeg 14174
counter, i, fname, cls 3030000 506849 /misc/vlgscratch5/LakeGroup/emin/sayavakepicut/1fps_300s/P01/class_0063/img_0011.jpeg 1690
counter, i, fname, cls 3040000 5987153 /misc/vlgscratch5/LakeGroup/emin/sayavakepicut/1fps_300s/ego4d/class_00000000/img_01739666.jpeg 14174
counter, i, fname, cls 3050000 15581903 /misc/vlgscratch5/LakeGroup/emin/sayavakepicut/1fps_300s/ego4d/class_00000008/img_00362637.jpeg 14182
counter, i, fname, cls 3060000 15034588 /misc/vlgscratch5/LakeGroup/emin/sayavakepicut/1fps_300s/ego4d/class_00000007/img_00429355.jpeg 14181
counter, i, fname, cls 3070000 14249676 /misc/vlgscratch5/LakeGroup/emin/sayavakepicut/1fps_300s/ego4d/class_00000006/img_01138412.jpeg 14180
counter, i, fname, cls 3080000 10086422 /misc/vlgscratch5/LakeGroup/emin/sayavakepicut/1fps_300s/ego4d/class_00000003/img_00064356.jpeg 14177
counter, i, fname, cls 3090000 8685633 /misc/vlgscratch5/LakeGroup/emin/sayavakepicut/1fps_300s/ego4d/class_00000000/img_04438146.jpeg 14174
counter, i, fname, cls 3100000 3320488 /misc/vlgscratch5/LakeGroup/emin/sayavakepicut/1fps_300s/ava_trainval/class_1826/img_0100.jpeg 11083
counter, i, fname, cls 3110000 11337988 /misc/vlgscratch5/LakeGroup/emin/sayavakepicut/1fps_300s/ego4d/class_00000003/img_01315922.jpeg 14177
counter, i, fname, cls 3120000 12514086 /misc/vlgscratch5/LakeGroup/emin/sayavakepicut/1fps_300s/ego4d/class_00000005/img_00888563.jpeg 14179
counter, i, fname, cls 3130000 14620329 /misc/vlgscratch5/LakeGroup/emin/sayavakepicut/1fps_300s/ego4d/class_00000007/img_00015096.jpeg 14181
counter, i, fname, cls 3140000 1912681 /misc/vlgscratch5/LakeGroup/emin/sayavakepicut/1fps_300s/Y/class_1121/img_0225.jpeg 6389
counter, i, fname, cls 3150000 13053851 /misc/vlgscratch5/LakeGroup/emin/sayavakepicut/1fps_300s/ego4d/class_00000005/img_01428328.jpeg 14179
counter, i, fname, cls 3160000 8925071 /misc/vlgscratch5/LakeGroup/emin/sayavakepicut/1fps_300s/ego4d/class_00000002/img_00124098.jpeg 14176
counter, i, fname, cls 3170000 1564015 /misc/vlgscratch5/LakeGroup/emin/sayavakepicut/1fps_300s/UT_ego/class_0163/img_0027.jpeg 5227
counter, i, fname, cls 3180000 9941856 /misc/vlgscratch5/LakeGroup/emin/sayavakepicut/1fps_300s/ego4d/class_00000002/img_01140883.jpeg 14176
counter, i, fname, cls 3190000 3101422 /misc/vlgscratch5/LakeGroup/emin/sayavakepicut/1fps_300s/ava_trainval/class_1096/img_0034.jpeg 10353
counter, i, fname, cls 3200000 9191245 /misc/vlgscratch5/LakeGroup/emin/sayavakepicut/1fps_300s/ego4d/class_00000002/img_00390272.jpeg 14176
counter, i, fname, cls 3210000 15826636 /misc/vlgscratch5/LakeGroup/emin/sayavakepicut/1fps_300s/ego4d/class_00000008/img_00607370.jpeg 14182
counter, i, fname, cls 3220000 8115792 /misc/vlgscratch5/LakeGroup/emin/sayavakepicut/1fps_300s/ego4d/class_00000000/img_03868305.jpeg 14174
counter, i, fname, cls 3230000 6861841 /misc/vlgscratch5/LakeGroup/emin/sayavakepicut/1fps_300s/ego4d/class_00000000/img_02614354.jpeg 14174
counter, i, fname, cls 3240000 5925844 /misc/vlgscratch5/LakeGroup/emin/sayavakepicut/1fps_300s/ego4d/class_00000000/img_01678357.jpeg 14174
counter, i, fname, cls 3250000 197783 /misc/vlgscratch5/LakeGroup/emin/sayavakepicut/1fps_300s/A/class_0659/img_0083.jpeg 659
counter, i, fname, cls 3260000 2971613 /misc/vlgscratch5/LakeGroup/emin/sayavakepicut/1fps_300s/ava_trainval/class_0663/img_0125.jpeg 9920
counter, i, fname, cls 3270000 15258379 /misc/vlgscratch5/LakeGroup/emin/sayavakepicut/1fps_300s/ego4d/class_00000008/img_00039113.jpeg 14182
counter, i, fname, cls 3280000 10969732 /misc/vlgscratch5/LakeGroup/emin/sayavakepicut/1fps_300s/ego4d/class_00000003/img_00947666.jpeg 14177
counter, i, fname, cls 3290000 14999263 /misc/vlgscratch5/LakeGroup/emin/sayavakepicut/1fps_300s/ego4d/class_00000007/img_00394030.jpeg 14181
counter, i, fname, cls 3300000 17705950 /misc/vlgscratch5/LakeGroup/emin/sayavakepicut/1fps_300s/kcam/class_0014/img_0116.jpeg 14199
counter, i, fname, cls 3310000 11242615 /misc/vlgscratch5/LakeGroup/emin/sayavakepicut/1fps_300s/ego4d/class_00000003/img_01220549.jpeg 14177
counter, i, fname, cls 3320000 15791901 /misc/vlgscratch5/LakeGroup/emin/sayavakepicut/1fps_300s/ego4d/class_00000008/img_00572635.jpeg 14182
counter, i, fname, cls 3330000 11773111 /misc/vlgscratch5/LakeGroup/emin/sayavakepicut/1fps_300s/ego4d/class_00000005/img_00147588.jpeg 14179
counter, i, fname, cls 3340000 4659247 /misc/vlgscratch5/LakeGroup/emin/sayavakepicut/1fps_300s/ego4d/class_00000000/img_00411760.jpeg 14174
counter, i, fname, cls 3350000 6262384 /misc/vlgscratch5/LakeGroup/emin/sayavakepicut/1fps_300s/ego4d/class_00000000/img_02014897.jpeg 14174
counter, i, fname, cls 3360000 16227267 /misc/vlgscratch5/LakeGroup/emin/sayavakepicut/1fps_300s/ego4d/class_00000009/img_00048021.jpeg 14183
counter, i, fname, cls 3370000 13545791 /misc/vlgscratch5/LakeGroup/emin/sayavakepicut/1fps_300s/ego4d/class_00000006/img_00434527.jpeg 14180
counter, i, fname, cls 3380000 11402966 /misc/vlgscratch5/LakeGroup/emin/sayavakepicut/1fps_300s/ego4d/class_00000004/img_00002074.jpeg 14178
counter, i, fname, cls 3390000 961027 /misc/vlgscratch5/LakeGroup/emin/sayavakepicut/1fps_300s/S/class_0624/img_0138.jpeg 3216
counter, i, fname, cls 3400000 2917342 /misc/vlgscratch5/LakeGroup/emin/sayavakepicut/1fps_300s/ava_trainval/class_0482/img_0154.jpeg 9739
counter, i, fname, cls 3410000 10419389 /misc/vlgscratch5/LakeGroup/emin/sayavakepicut/1fps_300s/ego4d/class_00000003/img_00397323.jpeg 14177
counter, i, fname, cls 3420000 16695435 /misc/vlgscratch5/LakeGroup/emin/sayavakepicut/1fps_300s/ego4d/class_00000009/img_00516189.jpeg 14183
counter, i, fname, cls 3430000 5577108 /misc/vlgscratch5/LakeGroup/emin/sayavakepicut/1fps_300s/ego4d/class_00000000/img_01329621.jpeg 14174
counter, i, fname, cls 3440000 13064281 /misc/vlgscratch5/LakeGroup/emin/sayavakepicut/1fps_300s/ego4d/class_00000005/img_01438758.jpeg 14179
counter, i, fname, cls 3450000 110397 /misc/vlgscratch5/LakeGroup/emin/sayavakepicut/1fps_300s/A/class_0367/img_0297.jpeg 367
counter, i, fname, cls 3460000 4067896 /misc/vlgscratch5/LakeGroup/emin/sayavakepicut/1fps_300s/ava_trainval/class_4317/img_0208.jpeg 13574
counter, i, fname, cls 3470000 6965936 /misc/vlgscratch5/LakeGroup/emin/sayavakepicut/1fps_300s/ego4d/class_00000000/img_02718449.jpeg 14174
counter, i, fname, cls 3480000 5454176 /misc/vlgscratch5/LakeGroup/emin/sayavakepicut/1fps_300s/ego4d/class_00000000/img_01206689.jpeg 14174
counter, i, fname, cls 3490000 17050301 /misc/vlgscratch5/LakeGroup/emin/sayavakepicut/1fps_300s/ego4d/class_00000009/img_00871055.jpeg 14183
counter, i, fname, cls 3500000 9559174 /misc/vlgscratch5/LakeGroup/emin/sayavakepicut/1fps_300s/ego4d/class_00000002/img_00758201.jpeg 14176
counter, i, fname, cls 3510000 10810620 /misc/vlgscratch5/LakeGroup/emin/sayavakepicut/1fps_300s/ego4d/class_00000003/img_00788554.jpeg 14177
counter, i, fname, cls 3520000 17819247 /misc/vlgscratch5/LakeGroup/emin/sayavakepicut/1fps_300s/kcam/class_0392/img_0013.jpeg 14577
counter, i, fname, cls 3530000 1837601 /misc/vlgscratch5/LakeGroup/emin/sayavakepicut/1fps_300s/Y/class_0871/img_0145.jpeg 6139
counter, i, fname, cls 3540000 15881771 /misc/vlgscratch5/LakeGroup/emin/sayavakepicut/1fps_300s/ego4d/class_00000008/img_00662505.jpeg 14182
counter, i, fname, cls 3550000 2051681 /misc/vlgscratch5/LakeGroup/emin/sayavakepicut/1fps_300s/Y/class_1585/img_0025.jpeg 6853
counter, i, fname, cls 3560000 8960546 /misc/vlgscratch5/LakeGroup/emin/sayavakepicut/1fps_300s/ego4d/class_00000002/img_00159573.jpeg 14176
counter, i, fname, cls 3570000 12359641 /misc/vlgscratch5/LakeGroup/emin/sayavakepicut/1fps_300s/ego4d/class_00000005/img_00734118.jpeg 14179
counter, i, fname, cls 3580000 15392305 /misc/vlgscratch5/LakeGroup/emin/sayavakepicut/1fps_300s/ego4d/class_00000008/img_00173039.jpeg 14182
counter, i, fname, cls 3590000 13046743 /misc/vlgscratch5/LakeGroup/emin/sayavakepicut/1fps_300s/ego4d/class_00000005/img_01421220.jpeg 14179
counter, i, fname, cls 3600000 13472841 /misc/vlgscratch5/LakeGroup/emin/sayavakepicut/1fps_300s/ego4d/class_00000006/img_00361577.jpeg 14180
counter, i, fname, cls 3610000 14534724 /misc/vlgscratch5/LakeGroup/emin/sayavakepicut/1fps_300s/ego4d/class_00000006/img_01423460.jpeg 14180
counter, i, fname, cls 3620000 14902725 /misc/vlgscratch5/LakeGroup/emin/sayavakepicut/1fps_300s/ego4d/class_00000007/img_00297492.jpeg 14181
counter, i, fname, cls 3630000 16716800 /misc/vlgscratch5/LakeGroup/emin/sayavakepicut/1fps_300s/ego4d/class_00000009/img_00537554.jpeg 14183
counter, i, fname, cls 3640000 10389657 /misc/vlgscratch5/LakeGroup/emin/sayavakepicut/1fps_300s/ego4d/class_00000003/img_00367591.jpeg 14177
counter, i, fname, cls 3650000 9310678 /misc/vlgscratch5/LakeGroup/emin/sayavakepicut/1fps_300s/ego4d/class_00000002/img_00509705.jpeg 14176
counter, i, fname, cls 3660000 4483577 /misc/vlgscratch5/LakeGroup/emin/sayavakepicut/1fps_300s/ego4d/class_00000000/img_00236090.jpeg 14174
counter, i, fname, cls 3670000 12564494 /misc/vlgscratch5/LakeGroup/emin/sayavakepicut/1fps_300s/ego4d/class_00000005/img_00938971.jpeg 14179
counter, i, fname, cls 3680000 2416918 /misc/vlgscratch5/LakeGroup/emin/sayavakepicut/1fps_300s/ava_test/class_1153/img_0290.jpeg 8070
counter, i, fname, cls 3690000 16147511 /misc/vlgscratch5/LakeGroup/emin/sayavakepicut/1fps_300s/ego4d/class_00000008/img_00928245.jpeg 14182
counter, i, fname, cls 3700000 9405240 /misc/vlgscratch5/LakeGroup/emin/sayavakepicut/1fps_300s/ego4d/class_00000002/img_00604267.jpeg 14176
counter, i, fname, cls 3710000 15795129 /misc/vlgscratch5/LakeGroup/emin/sayavakepicut/1fps_300s/ego4d/class_00000008/img_00575863.jpeg 14182
counter, i, fname, cls 3720000 9944549 /misc/vlgscratch5/LakeGroup/emin/sayavakepicut/1fps_300s/ego4d/class_00000002/img_01143576.jpeg 14176
counter, i, fname, cls 3730000 3461374 /misc/vlgscratch5/LakeGroup/emin/sayavakepicut/1fps_300s/ava_trainval/class_2295/img_0286.jpeg 11552
counter, i, fname, cls 3740000 16230201 /misc/vlgscratch5/LakeGroup/emin/sayavakepicut/1fps_300s/ego4d/class_00000009/img_00050955.jpeg 14183
counter, i, fname, cls 3750000 8108065 /misc/vlgscratch5/LakeGroup/emin/sayavakepicut/1fps_300s/ego4d/class_00000000/img_03860578.jpeg 14174
counter, i, fname, cls 3760000 5340687 /misc/vlgscratch5/LakeGroup/emin/sayavakepicut/1fps_300s/ego4d/class_00000000/img_01093200.jpeg 14174
counter, i, fname, cls 3770000 16258339 /misc/vlgscratch5/LakeGroup/emin/sayavakepicut/1fps_300s/ego4d/class_00000009/img_00079093.jpeg 14183
counter, i, fname, cls 3780000 10425397 /misc/vlgscratch5/LakeGroup/emin/sayavakepicut/1fps_300s/ego4d/class_00000003/img_00403331.jpeg 14177
counter, i, fname, cls 3790000 8921017 /misc/vlgscratch5/LakeGroup/emin/sayavakepicut/1fps_300s/ego4d/class_00000002/img_00120044.jpeg 14176
counter, i, fname, cls 3800000 1452695 /misc/vlgscratch5/LakeGroup/emin/sayavakepicut/1fps_300s/S/class_2263/img_0106.jpeg 4855
counter, i, fname, cls 3810000 17250053 /misc/vlgscratch5/LakeGroup/emin/sayavakepicut/1fps_300s/ego4d/class_00000009/img_01070807.jpeg 14183
counter, i, fname, cls 3820000 14241161 /misc/vlgscratch5/LakeGroup/emin/sayavakepicut/1fps_300s/ego4d/class_00000006/img_01129897.jpeg 14180
counter, i, fname, cls 3830000 10504153 /misc/vlgscratch5/LakeGroup/emin/sayavakepicut/1fps_300s/ego4d/class_00000003/img_00482087.jpeg 14177
counter, i, fname, cls 3840000 7481145 /misc/vlgscratch5/LakeGroup/emin/sayavakepicut/1fps_300s/ego4d/class_00000000/img_03233658.jpeg 14174
counter, i, fname, cls 3850000 12331439 /misc/vlgscratch5/LakeGroup/emin/sayavakepicut/1fps_300s/ego4d/class_00000005/img_00705916.jpeg 14179
counter, i, fname, cls 3860000 8517068 /misc/vlgscratch5/LakeGroup/emin/sayavakepicut/1fps_300s/ego4d/class_00000000/img_04269581.jpeg 14174
counter, i, fname, cls 3870000 3916659 /misc/vlgscratch5/LakeGroup/emin/sayavakepicut/1fps_300s/ava_trainval/class_3813/img_0171.jpeg 13070
counter, i, fname, cls 3880000 16708725 /misc/vlgscratch5/LakeGroup/emin/sayavakepicut/1fps_300s/ego4d/class_00000009/img_00529479.jpeg 14183
counter, i, fname, cls 3890000 9207297 /misc/vlgscratch5/LakeGroup/emin/sayavakepicut/1fps_300s/ego4d/class_00000002/img_00406324.jpeg 14176
counter, i, fname, cls 3900000 15528113 /misc/vlgscratch5/LakeGroup/emin/sayavakepicut/1fps_300s/ego4d/class_00000008/img_00308847.jpeg 14182
counter, i, fname, cls 3910000 5341192 /misc/vlgscratch5/LakeGroup/emin/sayavakepicut/1fps_300s/ego4d/class_00000000/img_01093705.jpeg 14174
counter, i, fname, cls 3920000 4854778 /misc/vlgscratch5/LakeGroup/emin/sayavakepicut/1fps_300s/ego4d/class_00000000/img_00607291.jpeg 14174
counter, i, fname, cls 3930000 208935 /misc/vlgscratch5/LakeGroup/emin/sayavakepicut/1fps_300s/A/class_0696/img_0135.jpeg 696
counter, i, fname, cls 3940000 10655281 /misc/vlgscratch5/LakeGroup/emin/sayavakepicut/1fps_300s/ego4d/class_00000003/img_00633215.jpeg 14177
counter, i, fname, cls 3950000 6330212 /misc/vlgscratch5/LakeGroup/emin/sayavakepicut/1fps_300s/ego4d/class_00000000/img_02082725.jpeg 14174
counter, i, fname, cls 3960000 7079236 /misc/vlgscratch5/LakeGroup/emin/sayavakepicut/1fps_300s/ego4d/class_00000000/img_02831749.jpeg 14174
counter, i, fname, cls 3970000 3171305 /misc/vlgscratch5/LakeGroup/emin/sayavakepicut/1fps_300s/ava_trainval/class_1329/img_0017.jpeg 10586
counter, i, fname, cls 3980000 57930 /misc/vlgscratch5/LakeGroup/emin/sayavakepicut/1fps_300s/A/class_0193/img_0030.jpeg 193
counter, i, fname, cls 3990000 10635216 /misc/vlgscratch5/LakeGroup/emin/sayavakepicut/1fps_300s/ego4d/class_00000003/img_00613150.jpeg 14177
# writing /misc/vlgscratch4/LakeGroup/emin/sayavakepicutego4d_000004.tar 1000000 380.9 GB 4000000
counter, i, fname, cls 4000000 3379051 /misc/vlgscratch5/LakeGroup/emin/sayavakepicut/1fps_300s/ava_trainval/class_2021/img_0163.jpeg 11278
counter, i, fname, cls 4010000 524224 /misc/vlgscratch5/LakeGroup/emin/sayavakepicut/1fps_300s/P02/class_0033/img_0074.jpeg 1748
counter, i, fname, cls 4020000 6720086 /misc/vlgscratch5/LakeGroup/emin/sayavakepicut/1fps_300s/ego4d/class_00000000/img_02472599.jpeg 14174
counter, i, fname, cls 4030000 6294990 /misc/vlgscratch5/LakeGroup/emin/sayavakepicut/1fps_300s/ego4d/class_00000000/img_02047503.jpeg 14174
counter, i, fname, cls 4040000 12723098 /misc/vlgscratch5/LakeGroup/emin/sayavakepicut/1fps_300s/ego4d/class_00000005/img_01097575.jpeg 14179
counter, i, fname, cls 4050000 1285045 /misc/vlgscratch5/LakeGroup/emin/sayavakepicut/1fps_300s/S/class_1704/img_0156.jpeg 4296
counter, i, fname, cls 4060000 4257805 /misc/vlgscratch5/LakeGroup/emin/sayavakepicut/1fps_300s/ego4d/class_00000000/img_00010318.jpeg 14174
counter, i, fname, cls 4070000 15662793 /misc/vlgscratch5/LakeGroup/emin/sayavakepicut/1fps_300s/ego4d/class_00000008/img_00443527.jpeg 14182
counter, i, fname, cls 4080000 4660021 /misc/vlgscratch5/LakeGroup/emin/sayavakepicut/1fps_300s/ego4d/class_00000000/img_00412534.jpeg 14174
counter, i, fname, cls 4090000 7144206 /misc/vlgscratch5/LakeGroup/emin/sayavakepicut/1fps_300s/ego4d/class_00000000/img_02896719.jpeg 14174
counter, i, fname, cls 4100000 6117052 /misc/vlgscratch5/LakeGroup/emin/sayavakepicut/1fps_300s/ego4d/class_00000000/img_01869565.jpeg 14174
counter, i, fname, cls 4110000 15984185 /misc/vlgscratch5/LakeGroup/emin/sayavakepicut/1fps_300s/ego4d/class_00000008/img_00764919.jpeg 14182
counter, i, fname, cls 4120000 16174281 /misc/vlgscratch5/LakeGroup/emin/sayavakepicut/1fps_300s/ego4d/class_00000008/img_00955015.jpeg 14182
counter, i, fname, cls 4130000 8536154 /misc/vlgscratch5/LakeGroup/emin/sayavakepicut/1fps_300s/ego4d/class_00000000/img_04288667.jpeg 14174
counter, i, fname, cls 4140000 4573109 /misc/vlgscratch5/LakeGroup/emin/sayavakepicut/1fps_300s/ego4d/class_00000000/img_00325622.jpeg 14174
counter, i, fname, cls 4150000 10152590 /misc/vlgscratch5/LakeGroup/emin/sayavakepicut/1fps_300s/ego4d/class_00000003/img_00130524.jpeg 14177
counter, i, fname, cls 4160000 14458386 /misc/vlgscratch5/LakeGroup/emin/sayavakepicut/1fps_300s/ego4d/class_00000006/img_01347122.jpeg 14180
counter, i, fname, cls 4170000 6406327 /misc/vlgscratch5/LakeGroup/emin/sayavakepicut/1fps_300s/ego4d/class_00000000/img_02158840.jpeg 14174
counter, i, fname, cls 4180000 2463443 /misc/vlgscratch5/LakeGroup/emin/sayavakepicut/1fps_300s/ava_test/class_1309/img_0015.jpeg 8226
counter, i, fname, cls 4190000 12087782 /misc/vlgscratch5/LakeGroup/emin/sayavakepicut/1fps_300s/ego4d/class_00000005/img_00462259.jpeg 14179
counter, i, fname, cls 4200000 3190836 /misc/vlgscratch5/LakeGroup/emin/sayavakepicut/1fps_300s/ava_trainval/class_1394/img_0048.jpeg 10651
counter, i, fname, cls 4210000 16845489 /misc/vlgscratch5/LakeGroup/emin/sayavakepicut/1fps_300s/ego4d/class_00000009/img_00666243.jpeg 14183
counter, i, fname, cls 4220000 8262953 /misc/vlgscratch5/LakeGroup/emin/sayavakepicut/1fps_300s/ego4d/class_00000000/img_04015466.jpeg 14174
counter, i, fname, cls 4230000 17151916 /misc/vlgscratch5/LakeGroup/emin/sayavakepicut/1fps_300s/ego4d/class_00000009/img_00972670.jpeg 14183
counter, i, fname, cls 4240000 14300318 /misc/vlgscratch5/LakeGroup/emin/sayavakepicut/1fps_300s/ego4d/class_00000006/img_01189054.jpeg 14180
counter, i, fname, cls 4250000 16560191 /misc/vlgscratch5/LakeGroup/emin/sayavakepicut/1fps_300s/ego4d/class_00000009/img_00380945.jpeg 14183
counter, i, fname, cls 4260000 7872206 /misc/vlgscratch5/LakeGroup/emin/sayavakepicut/1fps_300s/ego4d/class_00000000/img_03624719.jpeg 14174
counter, i, fname, cls 4270000 8378572 /misc/vlgscratch5/LakeGroup/emin/sayavakepicut/1fps_300s/ego4d/class_00000000/img_04131085.jpeg 14174
counter, i, fname, cls 4280000 3043189 /misc/vlgscratch5/LakeGroup/emin/sayavakepicut/1fps_300s/ava_trainval/class_0902/img_0001.jpeg 10159
counter, i, fname, cls 4290000 4004627 /misc/vlgscratch5/LakeGroup/emin/sayavakepicut/1fps_300s/ava_trainval/class_4106/img_0239.jpeg 13363
counter, i, fname, cls 4300000 10412538 /misc/vlgscratch5/LakeGroup/emin/sayavakepicut/1fps_300s/ego4d/class_00000003/img_00390472.jpeg 14177
counter, i, fname, cls 4310000 2544786 /misc/vlgscratch5/LakeGroup/emin/sayavakepicut/1fps_300s/ava_test/class_1580/img_0058.jpeg 8497
counter, i, fname, cls 4320000 2428747 /misc/vlgscratch5/LakeGroup/emin/sayavakepicut/1fps_300s/ava_test/class_1193/img_0119.jpeg 8110
counter, i, fname, cls 4330000 11262618 /misc/vlgscratch5/LakeGroup/emin/sayavakepicut/1fps_300s/ego4d/class_00000003/img_01240552.jpeg 14177
counter, i, fname, cls 4340000 2960376 /misc/vlgscratch5/LakeGroup/emin/sayavakepicut/1fps_300s/ava_trainval/class_0625/img_0288.jpeg 9882
counter, i, fname, cls 4350000 9787583 /misc/vlgscratch5/LakeGroup/emin/sayavakepicut/1fps_300s/ego4d/class_00000002/img_00986610.jpeg 14176
counter, i, fname, cls 4360000 13178731 /misc/vlgscratch5/LakeGroup/emin/sayavakepicut/1fps_300s/ego4d/class_00000006/img_00067467.jpeg 14180
counter, i, fname, cls 4370000 14145920 /misc/vlgscratch5/LakeGroup/emin/sayavakepicut/1fps_300s/ego4d/class_00000006/img_01034656.jpeg 14180
counter, i, fname, cls 4380000 4381361 /misc/vlgscratch5/LakeGroup/emin/sayavakepicut/1fps_300s/ego4d/class_00000000/img_00133874.jpeg 14174
counter, i, fname, cls 4390000 13079781 /misc/vlgscratch5/LakeGroup/emin/sayavakepicut/1fps_300s/ego4d/class_00000005/img_01454258.jpeg 14179
counter, i, fname, cls 4400000 3123496 /misc/vlgscratch5/LakeGroup/emin/sayavakepicut/1fps_300s/ava_trainval/class_1169/img_0208.jpeg 10426
counter, i, fname, cls 4410000 16900121 /misc/vlgscratch5/LakeGroup/emin/sayavakepicut/1fps_300s/ego4d/class_00000009/img_00720875.jpeg 14183
counter, i, fname, cls 4420000 8722687 /misc/vlgscratch5/LakeGroup/emin/sayavakepicut/1fps_300s/ego4d/class_00000000/img_04475200.jpeg 14174
counter, i, fname, cls 4430000 15654667 /misc/vlgscratch5/LakeGroup/emin/sayavakepicut/1fps_300s/ego4d/class_00000008/img_00435401.jpeg 14182
counter, i, fname, cls 4440000 17736034 /misc/vlgscratch5/LakeGroup/emin/sayavakepicut/1fps_300s/kcam/class_0114/img_0200.jpeg 14299
counter, i, fname, cls 4450000 11790772 /misc/vlgscratch5/LakeGroup/emin/sayavakepicut/1fps_300s/ego4d/class_00000005/img_00165249.jpeg 14179
counter, i, fname, cls 4460000 6090805 /misc/vlgscratch5/LakeGroup/emin/sayavakepicut/1fps_300s/ego4d/class_00000000/img_01843318.jpeg 14174
counter, i, fname, cls 4470000 256744 /misc/vlgscratch5/LakeGroup/emin/sayavakepicut/1fps_300s/A/class_0855/img_0244.jpeg 855
counter, i, fname, cls 4480000 10187699 /misc/vlgscratch5/LakeGroup/emin/sayavakepicut/1fps_300s/ego4d/class_00000003/img_00165633.jpeg 14177
counter, i, fname, cls 4490000 3408722 /misc/vlgscratch5/LakeGroup/emin/sayavakepicut/1fps_300s/ava_trainval/class_2120/img_0134.jpeg 11377
counter, i, fname, cls 4500000 11876781 /misc/vlgscratch5/LakeGroup/emin/sayavakepicut/1fps_300s/ego4d/class_00000005/img_00251258.jpeg 14179
counter, i, fname, cls 4510000 10522505 /misc/vlgscratch5/LakeGroup/emin/sayavakepicut/1fps_300s/ego4d/class_00000003/img_00500439.jpeg 14177
counter, i, fname, cls 4520000 4085552 /misc/vlgscratch5/LakeGroup/emin/sayavakepicut/1fps_300s/ava_trainval/class_4376/img_0164.jpeg 13633
counter, i, fname, cls 4530000 13752905 /misc/vlgscratch5/LakeGroup/emin/sayavakepicut/1fps_300s/ego4d/class_00000006/img_00641641.jpeg 14180
counter, i, fname, cls 4540000 14059747 /misc/vlgscratch5/LakeGroup/emin/sayavakepicut/1fps_300s/ego4d/class_00000006/img_00948483.jpeg 14180
counter, i, fname, cls 4550000 12680038 /misc/vlgscratch5/LakeGroup/emin/sayavakepicut/1fps_300s/ego4d/class_00000005/img_01054515.jpeg 14179
counter, i, fname, cls 4560000 5954014 /misc/vlgscratch5/LakeGroup/emin/sayavakepicut/1fps_300s/ego4d/class_00000000/img_01706527.jpeg 14174
counter, i, fname, cls 4570000 5878795 /misc/vlgscratch5/LakeGroup/emin/sayavakepicut/1fps_300s/ego4d/class_00000000/img_01631308.jpeg 14174
counter, i, fname, cls 4580000 1607246 /misc/vlgscratch5/LakeGroup/emin/sayavakepicut/1fps_300s/Y/class_0103/img_0190.jpeg 5371
counter, i, fname, cls 4590000 2952787 /misc/vlgscratch5/LakeGroup/emin/sayavakepicut/1fps_300s/ava_trainval/class_0600/img_0199.jpeg 9857
counter, i, fname, cls 4600000 1371720 /misc/vlgscratch5/LakeGroup/emin/sayavakepicut/1fps_300s/S/class_1993/img_0131.jpeg 4585
counter, i, fname, cls 4610000 3143528 /misc/vlgscratch5/LakeGroup/emin/sayavakepicut/1fps_300s/ava_trainval/class_1236/img_0140.jpeg 10493
counter, i, fname, cls 4620000 4609169 /misc/vlgscratch5/LakeGroup/emin/sayavakepicut/1fps_300s/ego4d/class_00000000/img_00361682.jpeg 14174
counter, i, fname, cls 4630000 8928853 /misc/vlgscratch5/LakeGroup/emin/sayavakepicut/1fps_300s/ego4d/class_00000002/img_00127880.jpeg 14176
counter, i, fname, cls 4640000 15820823 /misc/vlgscratch5/LakeGroup/emin/sayavakepicut/1fps_300s/ego4d/class_00000008/img_00601557.jpeg 14182
counter, i, fname, cls 4650000 8283873 /misc/vlgscratch5/LakeGroup/emin/sayavakepicut/1fps_300s/ego4d/class_00000000/img_04036386.jpeg 14174
counter, i, fname, cls 4660000 13298006 /misc/vlgscratch5/LakeGroup/emin/sayavakepicut/1fps_300s/ego4d/class_00000006/img_00186742.jpeg 14180
counter, i, fname, cls 4670000 9667977 /misc/vlgscratch5/LakeGroup/emin/sayavakepicut/1fps_300s/ego4d/class_00000002/img_00867004.jpeg 14176
counter, i, fname, cls 4680000 13958060 /misc/vlgscratch5/LakeGroup/emin/sayavakepicut/1fps_300s/ego4d/class_00000006/img_00846796.jpeg 14180
counter, i, fname, cls 4690000 1349940 /misc/vlgscratch5/LakeGroup/emin/sayavakepicut/1fps_300s/S/class_1920/img_0251.jpeg 4512
counter, i, fname, cls 4700000 7112670 /misc/vlgscratch5/LakeGroup/emin/sayavakepicut/1fps_300s/ego4d/class_00000000/img_02865183.jpeg 14174
counter, i, fname, cls 4710000 9238177 /misc/vlgscratch5/LakeGroup/emin/sayavakepicut/1fps_300s/ego4d/class_00000002/img_00437204.jpeg 14176
counter, i, fname, cls 4720000 426590 /misc/vlgscratch5/LakeGroup/emin/sayavakepicut/1fps_300s/A/class_1421/img_0290.jpeg 1421
counter, i, fname, cls 4730000 12265162 /misc/vlgscratch5/LakeGroup/emin/sayavakepicut/1fps_300s/ego4d/class_00000005/img_00639639.jpeg 14179
counter, i, fname, cls 4740000 1069595 /misc/vlgscratch5/LakeGroup/emin/sayavakepicut/1fps_300s/S/class_0986/img_0106.jpeg 3578
counter, i, fname, cls 4750000 9060456 /misc/vlgscratch5/LakeGroup/emin/sayavakepicut/1fps_300s/ego4d/class_00000002/img_00259483.jpeg 14176
counter, i, fname, cls 4760000 4938200 /misc/vlgscratch5/LakeGroup/emin/sayavakepicut/1fps_300s/ego4d/class_00000000/img_00690713.jpeg 14174
counter, i, fname, cls 4770000 4723827 /misc/vlgscratch5/LakeGroup/emin/sayavakepicut/1fps_300s/ego4d/class_00000000/img_00476340.jpeg 14174
counter, i, fname, cls 4780000 11725581 /misc/vlgscratch5/LakeGroup/emin/sayavakepicut/1fps_300s/ego4d/class_00000005/img_00100058.jpeg 14179
counter, i, fname, cls 4790000 16676859 /misc/vlgscratch5/LakeGroup/emin/sayavakepicut/1fps_300s/ego4d/class_00000009/img_00497613.jpeg 14183
counter, i, fname, cls 4800000 814092 /misc/vlgscratch5/LakeGroup/emin/sayavakepicut/1fps_300s/S/class_0134/img_0203.jpeg 2726
counter, i, fname, cls 4810000 864420 /misc/vlgscratch5/LakeGroup/emin/sayavakepicut/1fps_300s/S/class_0302/img_0131.jpeg 2894
counter, i, fname, cls 4820000 13292779 /misc/vlgscratch5/LakeGroup/emin/sayavakepicut/1fps_300s/ego4d/class_00000006/img_00181515.jpeg 14180
counter, i, fname, cls 4830000 11048208 /misc/vlgscratch5/LakeGroup/emin/sayavakepicut/1fps_300s/ego4d/class_00000003/img_01026142.jpeg 14177
counter, i, fname, cls 4840000 13193632 /misc/vlgscratch5/LakeGroup/emin/sayavakepicut/1fps_300s/ego4d/class_00000006/img_00082368.jpeg 14180
counter, i, fname, cls 4850000 15700461 /misc/vlgscratch5/LakeGroup/emin/sayavakepicut/1fps_300s/ego4d/class_00000008/img_00481195.jpeg 14182
counter, i, fname, cls 4860000 12844277 /misc/vlgscratch5/LakeGroup/emin/sayavakepicut/1fps_300s/ego4d/class_00000005/img_01218754.jpeg 14179
counter, i, fname, cls 4870000 17682862 /misc/vlgscratch5/LakeGroup/emin/sayavakepicut/1fps_300s/ego4d/class_00000010/img_00238712.jpeg 14184
counter, i, fname, cls 4880000 2874583 /misc/vlgscratch5/LakeGroup/emin/sayavakepicut/1fps_300s/ava_trainval/class_0339/img_0295.jpeg 9596
counter, i, fname, cls 4890000 7666110 /misc/vlgscratch5/LakeGroup/emin/sayavakepicut/1fps_300s/ego4d/class_00000000/img_03418623.jpeg 14174
counter, i, fname, cls 4900000 9179227 /misc/vlgscratch5/LakeGroup/emin/sayavakepicut/1fps_300s/ego4d/class_00000002/img_00378254.jpeg 14176
counter, i, fname, cls 4910000 4186507 /misc/vlgscratch5/LakeGroup/emin/sayavakepicut/1fps_300s/ava_trainval/class_4713/img_0019.jpeg 13970
counter, i, fname, cls 4920000 7374942 /misc/vlgscratch5/LakeGroup/emin/sayavakepicut/1fps_300s/ego4d/class_00000000/img_03127455.jpeg 14174
counter, i, fname, cls 4930000 1082912 /misc/vlgscratch5/LakeGroup/emin/sayavakepicut/1fps_300s/S/class_1030/img_0223.jpeg 3622
counter, i, fname, cls 4940000 1655367 /misc/vlgscratch5/LakeGroup/emin/sayavakepicut/1fps_300s/Y/class_0264/img_0011.jpeg 5532
counter, i, fname, cls 4950000 6003730 /misc/vlgscratch5/LakeGroup/emin/sayavakepicut/1fps_300s/ego4d/class_00000000/img_01756243.jpeg 14174
counter, i, fname, cls 4960000 14934921 /misc/vlgscratch5/LakeGroup/emin/sayavakepicut/1fps_300s/ego4d/class_00000007/img_00329688.jpeg 14181
counter, i, fname, cls 4970000 6473655 /misc/vlgscratch5/LakeGroup/emin/sayavakepicut/1fps_300s/ego4d/class_00000000/img_02226168.jpeg 14174
counter, i, fname, cls 4980000 10575942 /misc/vlgscratch5/LakeGroup/emin/sayavakepicut/1fps_300s/ego4d/class_00000003/img_00553876.jpeg 14177
counter, i, fname, cls 4990000 7851411 /misc/vlgscratch5/LakeGroup/emin/sayavakepicut/1fps_300s/ego4d/class_00000000/img_03603924.jpeg 14174
# writing /misc/vlgscratch4/LakeGroup/emin/sayavakepicutego4d_000005.tar 1000000 380.9 GB 5000000
counter, i, fname, cls 5000000 8658523 /misc/vlgscratch5/LakeGroup/emin/sayavakepicut/1fps_300s/ego4d/class_00000000/img_04411036.jpeg 14174
counter, i, fname, cls 5010000 6834132 /misc/vlgscratch5/LakeGroup/emin/sayavakepicut/1fps_300s/ego4d/class_00000000/img_02586645.jpeg 14174
counter, i, fname, cls 5020000 13657312 /misc/vlgscratch5/LakeGroup/emin/sayavakepicut/1fps_300s/ego4d/class_00000006/img_00546048.jpeg 14180
counter, i, fname, cls 5030000 9184064 /misc/vlgscratch5/LakeGroup/emin/sayavakepicut/1fps_300s/ego4d/class_00000002/img_00383091.jpeg 14176
counter, i, fname, cls 5040000 7701056 /misc/vlgscratch5/LakeGroup/emin/sayavakepicut/1fps_300s/ego4d/class_00000000/img_03453569.jpeg 14174
counter, i, fname, cls 5050000 3013407 /misc/vlgscratch5/LakeGroup/emin/sayavakepicut/1fps_300s/ava_trainval/class_0802/img_0219.jpeg 10059
counter, i, fname, cls 5060000 12373659 /misc/vlgscratch5/LakeGroup/emin/sayavakepicut/1fps_300s/ego4d/class_00000005/img_00748136.jpeg 14179
counter, i, fname, cls 5070000 7779978 /misc/vlgscratch5/LakeGroup/emin/sayavakepicut/1fps_300s/ego4d/class_00000000/img_03532491.jpeg 14174
counter, i, fname, cls 5080000 9548690 /misc/vlgscratch5/LakeGroup/emin/sayavakepicut/1fps_300s/ego4d/class_00000002/img_00747717.jpeg 14176
counter, i, fname, cls 5090000 7875293 /misc/vlgscratch5/LakeGroup/emin/sayavakepicut/1fps_300s/ego4d/class_00000000/img_03627806.jpeg 14174
counter, i, fname, cls 5100000 8798932 /misc/vlgscratch5/LakeGroup/emin/sayavakepicut/1fps_300s/ego4d/class_00000001/img_00011681.jpeg 14175
counter, i, fname, cls 5110000 1015745 /misc/vlgscratch5/LakeGroup/emin/sayavakepicut/1fps_300s/S/class_0806/img_0256.jpeg 3398
counter, i, fname, cls 5120000 10392736 /misc/vlgscratch5/LakeGroup/emin/sayavakepicut/1fps_300s/ego4d/class_00000003/img_00370670.jpeg 14177
counter, i, fname, cls 5130000 6792163 /misc/vlgscratch5/LakeGroup/emin/sayavakepicut/1fps_300s/ego4d/class_00000000/img_02544676.jpeg 14174
counter, i, fname, cls 5140000 15218222 /misc/vlgscratch5/LakeGroup/emin/sayavakepicut/1fps_300s/ego4d/class_00000007/img_00612989.jpeg 14181
counter, i, fname, cls 5150000 9211539 /misc/vlgscratch5/LakeGroup/emin/sayavakepicut/1fps_300s/ego4d/class_00000002/img_00410566.jpeg 14176
counter, i, fname, cls 5160000 1885028 /misc/vlgscratch5/LakeGroup/emin/sayavakepicut/1fps_300s/Y/class_1029/img_0172.jpeg 6297
counter, i, fname, cls 5170000 15195264 /misc/vlgscratch5/LakeGroup/emin/sayavakepicut/1fps_300s/ego4d/class_00000007/img_00590031.jpeg 14181
counter, i, fname, cls 5180000 12890978 /misc/vlgscratch5/LakeGroup/emin/sayavakepicut/1fps_300s/ego4d/class_00000005/img_01265455.jpeg 14179
counter, i, fname, cls 5190000 2641053 /misc/vlgscratch5/LakeGroup/emin/sayavakepicut/1fps_300s/ava_test/class_1901/img_0025.jpeg 8818
counter, i, fname, cls 5200000 12638054 /misc/vlgscratch5/LakeGroup/emin/sayavakepicut/1fps_300s/ego4d/class_00000005/img_01012531.jpeg 14179
counter, i, fname, cls 5210000 8356507 /misc/vlgscratch5/LakeGroup/emin/sayavakepicut/1fps_300s/ego4d/class_00000000/img_04109020.jpeg 14174
counter, i, fname, cls 5220000 11606776 /misc/vlgscratch5/LakeGroup/emin/sayavakepicut/1fps_300s/ego4d/class_00000004/img_00205884.jpeg 14178
counter, i, fname, cls 5230000 15039588 /misc/vlgscratch5/LakeGroup/emin/sayavakepicut/1fps_300s/ego4d/class_00000007/img_00434355.jpeg 14181
counter, i, fname, cls 5240000 12808047 /misc/vlgscratch5/LakeGroup/emin/sayavakepicut/1fps_300s/ego4d/class_00000005/img_01182524.jpeg 14179
counter, i, fname, cls 5250000 3515467 /misc/vlgscratch5/LakeGroup/emin/sayavakepicut/1fps_300s/ava_trainval/class_2476/img_0079.jpeg 11733
counter, i, fname, cls 5260000 1490154 /misc/vlgscratch5/LakeGroup/emin/sayavakepicut/1fps_300s/S/class_2388/img_0065.jpeg 4980
counter, i, fname, cls 5270000 2915839 /misc/vlgscratch5/LakeGroup/emin/sayavakepicut/1fps_300s/ava_trainval/class_0477/img_0151.jpeg 9734
counter, i, fname, cls 5280000 14672486 /misc/vlgscratch5/LakeGroup/emin/sayavakepicut/1fps_300s/ego4d/class_00000007/img_00067253.jpeg 14181
counter, i, fname, cls 5290000 16553950 /misc/vlgscratch5/LakeGroup/emin/sayavakepicut/1fps_300s/ego4d/class_00000009/img_00374704.jpeg 14183
counter, i, fname, cls 5300000 9673966 /misc/vlgscratch5/LakeGroup/emin/sayavakepicut/1fps_300s/ego4d/class_00000002/img_00872993.jpeg 14176
counter, i, fname, cls 5310000 6707084 /misc/vlgscratch5/LakeGroup/emin/sayavakepicut/1fps_300s/ego4d/class_00000000/img_02459597.jpeg 14174
counter, i, fname, cls 5320000 12599547 /misc/vlgscratch5/LakeGroup/emin/sayavakepicut/1fps_300s/ego4d/class_00000005/img_00974024.jpeg 14179
counter, i, fname, cls 5330000 3072964 /misc/vlgscratch5/LakeGroup/emin/sayavakepicut/1fps_300s/ava_trainval/class_1001/img_0076.jpeg 10258
counter, i, fname, cls 5340000 890326 /misc/vlgscratch5/LakeGroup/emin/sayavakepicut/1fps_300s/S/class_0388/img_0237.jpeg 2980
counter, i, fname, cls 5350000 16445256 /misc/vlgscratch5/LakeGroup/emin/sayavakepicut/1fps_300s/ego4d/class_00000009/img_00266010.jpeg 14183
counter, i, fname, cls 5360000 3675874 /misc/vlgscratch5/LakeGroup/emin/sayavakepicut/1fps_300s/ava_trainval/class_3010/img_0286.jpeg 12267
counter, i, fname, cls 5370000 5434554 /misc/vlgscratch5/LakeGroup/emin/sayavakepicut/1fps_300s/ego4d/class_00000000/img_01187067.jpeg 14174
counter, i, fname, cls 5380000 14770195 /misc/vlgscratch5/LakeGroup/emin/sayavakepicut/1fps_300s/ego4d/class_00000007/img_00164962.jpeg 14181
counter, i, fname, cls 5390000 2760219 /misc/vlgscratch5/LakeGroup/emin/sayavakepicut/1fps_300s/ava_test/class_2298/img_0091.jpeg 9215
counter, i, fname, cls 5400000 15352438 /misc/vlgscratch5/LakeGroup/emin/sayavakepicut/1fps_300s/ego4d/class_00000008/img_00133172.jpeg 14182
counter, i, fname, cls 5410000 16878899 /misc/vlgscratch5/LakeGroup/emin/sayavakepicut/1fps_300s/ego4d/class_00000009/img_00699653.jpeg 14183
counter, i, fname, cls 5420000 3144507 /misc/vlgscratch5/LakeGroup/emin/sayavakepicut/1fps_300s/ava_trainval/class_1239/img_0219.jpeg 10496
counter, i, fname, cls 5430000 12047227 /misc/vlgscratch5/LakeGroup/emin/sayavakepicut/1fps_300s/ego4d/class_00000005/img_00421704.jpeg 14179
counter, i, fname, cls 5440000 1759221 /misc/vlgscratch5/LakeGroup/emin/sayavakepicut/1fps_300s/Y/class_0610/img_0065.jpeg 5878
counter, i, fname, cls 5450000 3145812 /misc/vlgscratch5/LakeGroup/emin/sayavakepicut/1fps_300s/ava_trainval/class_1244/img_0024.jpeg 10501
counter, i, fname, cls 5460000 5335278 /misc/vlgscratch5/LakeGroup/emin/sayavakepicut/1fps_300s/ego4d/class_00000000/img_01087791.jpeg 14174
counter, i, fname, cls 5470000 17227841 /misc/vlgscratch5/LakeGroup/emin/sayavakepicut/1fps_300s/ego4d/class_00000009/img_01048595.jpeg 14183
counter, i, fname, cls 5480000 16570686 /misc/vlgscratch5/LakeGroup/emin/sayavakepicut/1fps_300s/ego4d/class_00000009/img_00391440.jpeg 14183
counter, i, fname, cls 5490000 14339491 /misc/vlgscratch5/LakeGroup/emin/sayavakepicut/1fps_300s/ego4d/class_00000006/img_01228227.jpeg 14180
counter, i, fname, cls 5500000 8634010 /misc/vlgscratch5/LakeGroup/emin/sayavakepicut/1fps_300s/ego4d/class_00000000/img_04386523.jpeg 14174
counter, i, fname, cls 5510000 10264045 /misc/vlgscratch5/LakeGroup/emin/sayavakepicut/1fps_300s/ego4d/class_00000003/img_00241979.jpeg 14177
counter, i, fname, cls 5520000 1513207 /misc/vlgscratch5/LakeGroup/emin/sayavakepicut/1fps_300s/S/class_2465/img_0018.jpeg 5057
counter, i, fname, cls 5530000 1069340 /misc/vlgscratch5/LakeGroup/emin/sayavakepicut/1fps_300s/S/class_0985/img_0151.jpeg 3577
counter, i, fname, cls 5540000 6320584 /misc/vlgscratch5/LakeGroup/emin/sayavakepicut/1fps_300s/ego4d/class_00000000/img_02073097.jpeg 14174
counter, i, fname, cls 5550000 8587097 /misc/vlgscratch5/LakeGroup/emin/sayavakepicut/1fps_300s/ego4d/class_00000000/img_04339610.jpeg 14174
counter, i, fname, cls 5560000 14547392 /misc/vlgscratch5/LakeGroup/emin/sayavakepicut/1fps_300s/ego4d/class_00000006/img_01436128.jpeg 14180
counter, i, fname, cls 5570000 10691101 /misc/vlgscratch5/LakeGroup/emin/sayavakepicut/1fps_300s/ego4d/class_00000003/img_00669035.jpeg 14177
counter, i, fname, cls 5580000 6097548 /misc/vlgscratch5/LakeGroup/emin/sayavakepicut/1fps_300s/ego4d/class_00000000/img_01850061.jpeg 14174
counter, i, fname, cls 5590000 15853449 /misc/vlgscratch5/LakeGroup/emin/sayavakepicut/1fps_300s/ego4d/class_00000008/img_00634183.jpeg 14182
counter, i, fname, cls 5600000 17915800 /misc/vlgscratch5/LakeGroup/emin/sayavakepicut/1fps_300s/kcam/class_0713/img_0266.jpeg 14898
counter, i, fname, cls 5610000 5080250 /misc/vlgscratch5/LakeGroup/emin/sayavakepicut/1fps_300s/ego4d/class_00000000/img_00832763.jpeg 14174
counter, i, fname, cls 5620000 5117468 /misc/vlgscratch5/LakeGroup/emin/sayavakepicut/1fps_300s/ego4d/class_00000000/img_00869981.jpeg 14174
counter, i, fname, cls 5630000 2234370 /misc/vlgscratch5/LakeGroup/emin/sayavakepicut/1fps_300s/ava_test/class_0545/img_0142.jpeg 7462
counter, i, fname, cls 5640000 8838538 /misc/vlgscratch5/LakeGroup/emin/sayavakepicut/1fps_300s/ego4d/class_00000002/img_00037565.jpeg 14176
counter, i, fname, cls 5650000 1605440 /misc/vlgscratch5/LakeGroup/emin/sayavakepicut/1fps_300s/Y/class_0097/img_0184.jpeg 5365
counter, i, fname, cls 5660000 8267117 /misc/vlgscratch5/LakeGroup/emin/sayavakepicut/1fps_300s/ego4d/class_00000000/img_04019630.jpeg 14174
counter, i, fname, cls 5670000 5100467 /misc/vlgscratch5/LakeGroup/emin/sayavakepicut/1fps_300s/ego4d/class_00000000/img_00852980.jpeg 14174
counter, i, fname, cls 5680000 7921236 /misc/vlgscratch5/LakeGroup/emin/sayavakepicut/1fps_300s/ego4d/class_00000000/img_03673749.jpeg 14174
counter, i, fname, cls 5690000 5330391 /misc/vlgscratch5/LakeGroup/emin/sayavakepicut/1fps_300s/ego4d/class_00000000/img_01082904.jpeg 14174
counter, i, fname, cls 5700000 1460597 /misc/vlgscratch5/LakeGroup/emin/sayavakepicut/1fps_300s/S/class_2289/img_0208.jpeg 4881
counter, i, fname, cls 5710000 17824204 /misc/vlgscratch5/LakeGroup/emin/sayavakepicut/1fps_300s/kcam/class_0408/img_0170.jpeg 14593
counter, i, fname, cls 5720000 6273899 /misc/vlgscratch5/LakeGroup/emin/sayavakepicut/1fps_300s/ego4d/class_00000000/img_02026412.jpeg 14174
counter, i, fname, cls 5730000 10986836 /misc/vlgscratch5/LakeGroup/emin/sayavakepicut/1fps_300s/ego4d/class_00000003/img_00964770.jpeg 14177
counter, i, fname, cls 5740000 16044847 /misc/vlgscratch5/LakeGroup/emin/sayavakepicut/1fps_300s/ego4d/class_00000008/img_00825581.jpeg 14182
counter, i, fname, cls 5750000 6811707 /misc/vlgscratch5/LakeGroup/emin/sayavakepicut/1fps_300s/ego4d/class_00000000/img_02564220.jpeg 14174
counter, i, fname, cls 5760000 16294907 /misc/vlgscratch5/LakeGroup/emin/sayavakepicut/1fps_300s/ego4d/class_00000009/img_00115661.jpeg 14183
counter, i, fname, cls 5770000 17816897 /misc/vlgscratch5/LakeGroup/emin/sayavakepicut/1fps_300s/kcam/class_0384/img_0063.jpeg 14569
counter, i, fname, cls 5780000 10262432 /misc/vlgscratch5/LakeGroup/emin/sayavakepicut/1fps_300s/ego4d/class_00000003/img_00240366.jpeg 14177
counter, i, fname, cls 5790000 3395874 /misc/vlgscratch5/LakeGroup/emin/sayavakepicut/1fps_300s/ava_trainval/class_2077/img_0186.jpeg 11334
counter, i, fname, cls 5800000 15720766 /misc/vlgscratch5/LakeGroup/emin/sayavakepicut/1fps_300s/ego4d/class_00000008/img_00501500.jpeg 14182
counter, i, fname, cls 5810000 15985933 /misc/vlgscratch5/LakeGroup/emin/sayavakepicut/1fps_300s/ego4d/class_00000008/img_00766667.jpeg 14182
counter, i, fname, cls 5820000 7990994 /misc/vlgscratch5/LakeGroup/emin/sayavakepicut/1fps_300s/ego4d/class_00000000/img_03743507.jpeg 14174
counter, i, fname, cls 5830000 15730099 /misc/vlgscratch5/LakeGroup/emin/sayavakepicut/1fps_300s/ego4d/class_00000008/img_00510833.jpeg 14182
counter, i, fname, cls 5840000 1269056 /misc/vlgscratch5/LakeGroup/emin/sayavakepicut/1fps_300s/S/class_1651/img_0067.jpeg 4243
counter, i, fname, cls 5850000 5577717 /misc/vlgscratch5/LakeGroup/emin/sayavakepicut/1fps_300s/ego4d/class_00000000/img_01330230.jpeg 14174
counter, i, fname, cls 5860000 2307849 /misc/vlgscratch5/LakeGroup/emin/sayavakepicut/1fps_300s/ava_test/class_0790/img_0121.jpeg 7707
counter, i, fname, cls 5870000 16742226 /misc/vlgscratch5/LakeGroup/emin/sayavakepicut/1fps_300s/ego4d/class_00000009/img_00562980.jpeg 14183
counter, i, fname, cls 5880000 8424727 /misc/vlgscratch5/LakeGroup/emin/sayavakepicut/1fps_300s/ego4d/class_00000000/img_04177240.jpeg 14174
counter, i, fname, cls 5890000 4674334 /misc/vlgscratch5/LakeGroup/emin/sayavakepicut/1fps_300s/ego4d/class_00000000/img_00426847.jpeg 14174
counter, i, fname, cls 5900000 16207018 /misc/vlgscratch5/LakeGroup/emin/sayavakepicut/1fps_300s/ego4d/class_00000009/img_00027772.jpeg 14183
counter, i, fname, cls 5910000 13712754 /misc/vlgscratch5/LakeGroup/emin/sayavakepicut/1fps_300s/ego4d/class_00000006/img_00601490.jpeg 14180
counter, i, fname, cls 5920000 8479768 /misc/vlgscratch5/LakeGroup/emin/sayavakepicut/1fps_300s/ego4d/class_00000000/img_04232281.jpeg 14174
counter, i, fname, cls 5930000 779448 /misc/vlgscratch5/LakeGroup/emin/sayavakepicut/1fps_300s/S/class_0019/img_0059.jpeg 2611
counter, i, fname, cls 5940000 15444236 /misc/vlgscratch5/LakeGroup/emin/sayavakepicut/1fps_300s/ego4d/class_00000008/img_00224970.jpeg 14182
counter, i, fname, cls 5950000 12443238 /misc/vlgscratch5/LakeGroup/emin/sayavakepicut/1fps_300s/ego4d/class_00000005/img_00817715.jpeg 14179
counter, i, fname, cls 5960000 1165962 /misc/vlgscratch5/LakeGroup/emin/sayavakepicut/1fps_300s/S/class_1307/img_0173.jpeg 3899
counter, i, fname, cls 5970000 13109537 /misc/vlgscratch5/LakeGroup/emin/sayavakepicut/1fps_300s/ego4d/class_00000005/img_01484014.jpeg 14179
counter, i, fname, cls 5980000 13880391 /misc/vlgscratch5/LakeGroup/emin/sayavakepicut/1fps_300s/ego4d/class_00000006/img_00769127.jpeg 14180
counter, i, fname, cls 5990000 16031715 /misc/vlgscratch5/LakeGroup/emin/sayavakepicut/1fps_300s/ego4d/class_00000008/img_00812449.jpeg 14182
# writing /misc/vlgscratch4/LakeGroup/emin/sayavakepicutego4d_000006.tar 1000000 381.0 GB 6000000
counter, i, fname, cls 6000000 5020071 /misc/vlgscratch5/LakeGroup/emin/sayavakepicut/1fps_300s/ego4d/class_00000000/img_00772584.jpeg 14174
counter, i, fname, cls 6010000 2433921 /misc/vlgscratch5/LakeGroup/emin/sayavakepicut/1fps_300s/ava_test/class_1210/img_0193.jpeg 8127
counter, i, fname, cls 6020000 4074212 /misc/vlgscratch5/LakeGroup/emin/sayavakepicut/1fps_300s/ava_trainval/class_4338/img_0224.jpeg 13595
counter, i, fname, cls 6030000 8517229 /misc/vlgscratch5/LakeGroup/emin/sayavakepicut/1fps_300s/ego4d/class_00000000/img_04269742.jpeg 14174
counter, i, fname, cls 6040000 9741275 /misc/vlgscratch5/LakeGroup/emin/sayavakepicut/1fps_300s/ego4d/class_00000002/img_00940302.jpeg 14176
counter, i, fname, cls 6050000 4673839 /misc/vlgscratch5/LakeGroup/emin/sayavakepicut/1fps_300s/ego4d/class_00000000/img_00426352.jpeg 14174
counter, i, fname, cls 6060000 6076714 /misc/vlgscratch5/LakeGroup/emin/sayavakepicut/1fps_300s/ego4d/class_00000000/img_01829227.jpeg 14174
counter, i, fname, cls 6070000 14185342 /misc/vlgscratch5/LakeGroup/emin/sayavakepicut/1fps_300s/ego4d/class_00000006/img_01074078.jpeg 14180
counter, i, fname, cls 6080000 13078618 /misc/vlgscratch5/LakeGroup/emin/sayavakepicut/1fps_300s/ego4d/class_00000005/img_01453095.jpeg 14179
counter, i, fname, cls 6090000 17810641 /misc/vlgscratch5/LakeGroup/emin/sayavakepicut/1fps_300s/kcam/class_0363/img_0107.jpeg 14548
counter, i, fname, cls 6100000 15206799 /misc/vlgscratch5/LakeGroup/emin/sayavakepicut/1fps_300s/ego4d/class_00000007/img_00601566.jpeg 14181
counter, i, fname, cls 6110000 16751502 /misc/vlgscratch5/LakeGroup/emin/sayavakepicut/1fps_300s/ego4d/class_00000009/img_00572256.jpeg 14183
counter, i, fname, cls 6120000 12191950 /misc/vlgscratch5/LakeGroup/emin/sayavakepicut/1fps_300s/ego4d/class_00000005/img_00566427.jpeg 14179
counter, i, fname, cls 6130000 3616333 /misc/vlgscratch5/LakeGroup/emin/sayavakepicut/1fps_300s/ava_trainval/class_2812/img_0145.jpeg 12069
counter, i, fname, cls 6140000 5095872 /misc/vlgscratch5/LakeGroup/emin/sayavakepicut/1fps_300s/ego4d/class_00000000/img_00848385.jpeg 14174
counter, i, fname, cls 6150000 4613081 /misc/vlgscratch5/LakeGroup/emin/sayavakepicut/1fps_300s/ego4d/class_00000000/img_00365594.jpeg 14174
counter, i, fname, cls 6160000 2257728 /misc/vlgscratch5/LakeGroup/emin/sayavakepicut/1fps_300s/ava_test/class_0623/img_0100.jpeg 7540
counter, i, fname, cls 6170000 7407372 /misc/vlgscratch5/LakeGroup/emin/sayavakepicut/1fps_300s/ego4d/class_00000000/img_03159885.jpeg 14174
counter, i, fname, cls 6180000 15455375 /misc/vlgscratch5/LakeGroup/emin/sayavakepicut/1fps_300s/ego4d/class_00000008/img_00236109.jpeg 14182
counter, i, fname, cls 6190000 1081404 /misc/vlgscratch5/LakeGroup/emin/sayavakepicut/1fps_300s/S/class_1025/img_0215.jpeg 3617
counter, i, fname, cls 6200000 15705664 /misc/vlgscratch5/LakeGroup/emin/sayavakepicut/1fps_300s/ego4d/class_00000008/img_00486398.jpeg 14182
counter, i, fname, cls 6210000 5861627 /misc/vlgscratch5/LakeGroup/emin/sayavakepicut/1fps_300s/ego4d/class_00000000/img_01614140.jpeg 14174
counter, i, fname, cls 6220000 1994105 /misc/vlgscratch5/LakeGroup/emin/sayavakepicut/1fps_300s/Y/class_1393/img_0049.jpeg 6661
counter, i, fname, cls 6230000 7248006 /misc/vlgscratch5/LakeGroup/emin/sayavakepicut/1fps_300s/ego4d/class_00000000/img_03000519.jpeg 14174
counter, i, fname, cls 6240000 16449394 /misc/vlgscratch5/LakeGroup/emin/sayavakepicut/1fps_300s/ego4d/class_00000009/img_00270148.jpeg 14183
counter, i, fname, cls 6250000 11985399 /misc/vlgscratch5/LakeGroup/emin/sayavakepicut/1fps_300s/ego4d/class_00000005/img_00359876.jpeg 14179
counter, i, fname, cls 6260000 10738810 /misc/vlgscratch5/LakeGroup/emin/sayavakepicut/1fps_300s/ego4d/class_00000003/img_00716744.jpeg 14177
counter, i, fname, cls 6270000 4040587 /misc/vlgscratch5/LakeGroup/emin/sayavakepicut/1fps_300s/ava_trainval/class_4226/img_0199.jpeg 13483
counter, i, fname, cls 6280000 12983208 /misc/vlgscratch5/LakeGroup/emin/sayavakepicut/1fps_300s/ego4d/class_00000005/img_01357685.jpeg 14179
counter, i, fname, cls 6290000 3177872 /misc/vlgscratch5/LakeGroup/emin/sayavakepicut/1fps_300s/ava_trainval/class_1350/img_0284.jpeg 10607
counter, i, fname, cls 6300000 8515640 /misc/vlgscratch5/LakeGroup/emin/sayavakepicut/1fps_300s/ego4d/class_00000000/img_04268153.jpeg 14174
counter, i, fname, cls 6310000 16392124 /misc/vlgscratch5/LakeGroup/emin/sayavakepicut/1fps_300s/ego4d/class_00000009/img_00212878.jpeg 14183
counter, i, fname, cls 6320000 4371202 /misc/vlgscratch5/LakeGroup/emin/sayavakepicut/1fps_300s/ego4d/class_00000000/img_00123715.jpeg 14174
counter, i, fname, cls 6330000 17369244 /misc/vlgscratch5/LakeGroup/emin/sayavakepicut/1fps_300s/ego4d/class_00000009/img_01189998.jpeg 14183
counter, i, fname, cls 6340000 10246591 /misc/vlgscratch5/LakeGroup/emin/sayavakepicut/1fps_300s/ego4d/class_00000003/img_00224525.jpeg 14177
counter, i, fname, cls 6350000 8092831 /misc/vlgscratch5/LakeGroup/emin/sayavakepicut/1fps_300s/ego4d/class_00000000/img_03845344.jpeg 14174
counter, i, fname, cls 6360000 16235243 /misc/vlgscratch5/LakeGroup/emin/sayavakepicut/1fps_300s/ego4d/class_00000009/img_00055997.jpeg 14183
counter, i, fname, cls 6370000 14772207 /misc/vlgscratch5/LakeGroup/emin/sayavakepicut/1fps_300s/ego4d/class_00000007/img_00166974.jpeg 14181
counter, i, fname, cls 6380000 3871259 /misc/vlgscratch5/LakeGroup/emin/sayavakepicut/1fps_300s/ava_trainval/class_3662/img_0071.jpeg 12919
counter, i, fname, cls 6390000 14764289 /misc/vlgscratch5/LakeGroup/emin/sayavakepicut/1fps_300s/ego4d/class_00000007/img_00159056.jpeg 14181
counter, i, fname, cls 6400000 11376108 /misc/vlgscratch5/LakeGroup/emin/sayavakepicut/1fps_300s/ego4d/class_00000003/img_01354042.jpeg 14177
counter, i, fname, cls 6410000 17620314 /misc/vlgscratch5/LakeGroup/emin/sayavakepicut/1fps_300s/ego4d/class_00000010/img_00176164.jpeg 14184
